########################## FF Fitting Summary ###########################
--------------------------------------------
Program Version: 2.0.0
Short-range Functional Form: slater
Combination Rules: aij = geometric
                   bij = geometric_mean
                   cij = geometric
Electrostatic Damping Type: None
Thole         Damping Type: thole_tinker
Thole Param: 0.36
Fitting weight: eff_mu = 0.0 Ha
                eff_kt = 0.00423445 Ha
Weighted RMSE cutoff: 0.0 Ha
Anisotropic Atomtypes: None
------------
Exponents:
H(0)       2.598099
C(0)       2.023955
------------
Monomer 1 Multipole File:
input/methane_ISA_L2.mom
Monomer 2 Multipole File:
input/methane_ISA_L2.mom
--------------------------------------------
Exchange Parameters:
    Functional Form = 
	E(exch)_ij = A*(1 + a_yml*Y_ml)*exp(-bij*rij)
    where the a coefficient for each spherical harmonic term Y_ml
    is listed in the parameters below.
Fitted Atomtypes 
               A        
C(0)         2.706176
               A        
H(0)         1.075643
Constrained Atomtypes 
  None
------------
Exchange RMS Error: 4.03451e-04
Exchange Weighted RMS Error: 2.41288e-04
Exchange Weighted Mean Signed Error: 2.08286e-04
Exchange Weighted Least-Squares Error: 2.36932e-05
--------------------------------------------
Electrostatic Parameters:
    Functional Form = 
	E(elst)_ij = f_damp*qi*qj/rij - A*(1 + a_yml*Y_ml)*exp(-bij*rij)
Fitted Atomtypes 
               A        
C(0)         1.658147
               A        
H(0)         0.519635
Constrained Atomtypes 
  None
------------
Electrostatics RMS Error: 1.31431e-04
Electrostatics Weighted RMS Error: 5.37570e-05
Electrostatics Weighted Mean Signed Error: -3.31159e-05
Electrostatics Weighted Least-Squares Error: 1.19594e-05
--------------------------------------------
Drude oscillator energy has been calculated using the following method: multipole-gradient
Induction Parameters:
    Functional Form = 
	E(ind)_ij = shell_charge - A*(1 + a_yml*Y_ml)*exp(-bij*rij)
Fitted Atomtypes 
               A        
C(0)         0.000000
               A        
H(0)         0.235109
Constrained Atomtypes 
  None
------------
Induction RMS Error: 2.33130e-05
Induction Weighted RMS Error: 6.18315e-06
Induction Weighted Mean Signed Error: 1.64600e-06
Induction Weighted Least-Squares Error: 2.88706e-07
--------------------------------------------
DHF Parameters:
    Functional Form = 
	E(dhf)_ij = - A*(1 + a_yml*Y_ml)*exp(-bij*rij)
Fitted Atomtypes 
               A        
C(0)         0.212224
               A        
H(0)         0.360017
Constrained Atomtypes 
  None
------------
Dhf RMS Error: 4.00788e-05
Dhf Weighted RMS Error: 1.51505e-05
Dhf Weighted Mean Signed Error: -1.19041e-05
Dhf Weighted Least-Squares Error: 8.94754e-07
--------------------------------------------
Dispersion Parameters:
    Functional Form = 
	E(disp)_ij = sum_(n=6,8,10,12){A*fdamp_n*(Cij_n/r_ij^n)}
               C6              C8             C10             C12       
H            1.498389        6.488268       33.240608        0.000000
C            4.847096       18.798288       63.256519      202.859856
Fitted Atomtypes 
               A        
C(0)         1.000000
               A        
H(0)         1.000000
Constrained Atomtypes 
  None
------------
Dispersion RMS Error: 6.31837e-04
Dispersion Weighted RMS Error: 1.87990e-04
Dispersion Weighted Mean Signed Error: 1.39388e-04
Dispersion Weighted Least-Squares Error: 3.11074e-04
--------------------------------------------
Total Energy:
------------
Total Energy RMS Error: 6.73113e-04
Total Energy Weighted RMS Error: 3.72106e-04
Total Energy Weighted Mean Signed Error: 3.04300e-04
Total Energy Weighted Least-Squares Error: 1.68654e-04
--------------------------------------------
#########################################################################


