########################## FF Fitting Summary ###########################
--------------------------------------------
Program Version: 2.0.0
Short-range Functional Form: slater
Combination Rules: aij = geometric
                   bij = geometric_mean
                   cij = geometric
Electrostatic Damping Type: None
Thole         Damping Type: thole_tinker
Thole Param: 0.36
Fitting weight: eff_mu = 0.0 Ha
                eff_kt = 0.011607855 Ha
Weighted RMSE cutoff: 0.0 Ha
Anisotropic Atomtypes: None
------------
Exponents:
C(0)       2.051704
H(0)       2.517399
------------
Monomer 1 Multipole File:
input/propane_ISA_L2.mom
Monomer 2 Multipole File:
input/propane_ISA_L2.mom
--------------------------------------------
Exchange Parameters:
    Functional Form = 
	E(exch)_ij = A*(1 + a_yml*Y_ml)*exp(-bij*rij)
    where the a coefficient for each spherical harmonic term Y_ml
    is listed in the parameters below.
Fitted Atomtypes 
               A        
C(0)         2.572045
               A        
H(0)         0.991098
Constrained Atomtypes 
  None
------------
Exchange RMS Error: 7.04080e-04
Exchange Weighted RMS Error: 4.02701e-04
Exchange Weighted Mean Signed Error: 3.10423e-04
Exchange Weighted Least-Squares Error: 1.03177e-04
--------------------------------------------
Electrostatic Parameters:
    Functional Form = 
	E(elst)_ij = f_damp*qi*qj/rij - A*(1 + a_yml*Y_ml)*exp(-bij*rij)
Fitted Atomtypes 
               A        
C(0)         1.597124
               A        
H(0)         0.493966
Constrained Atomtypes 
  None
------------
Electrostatics RMS Error: 1.79778e-04
Electrostatics Weighted RMS Error: 1.07539e-04
Electrostatics Weighted Mean Signed Error: -8.21016e-05
Electrostatics Weighted Least-Squares Error: 1.92511e-05
--------------------------------------------
Drude oscillator energy has been calculated using the following method: multipole-gradient
Induction Parameters:
    Functional Form = 
	E(ind)_ij = shell_charge - A*(1 + a_yml*Y_ml)*exp(-bij*rij)
Fitted Atomtypes 
               A        
C(0)         0.015713
               A        
H(0)         0.204667
Constrained Atomtypes 
  None
------------
Induction RMS Error: 2.70481e-05
Induction Weighted RMS Error: 1.19048e-05
Induction Weighted Mean Signed Error: 1.78794e-06
Induction Weighted Least-Squares Error: 3.68780e-07
--------------------------------------------
DHF Parameters:
    Functional Form = 
	E(dhf)_ij = - A*(1 + a_yml*Y_ml)*exp(-bij*rij)
Fitted Atomtypes 
               A        
C(0)         0.151917
               A        
H(0)         0.331196
Constrained Atomtypes 
  None
------------
Dhf RMS Error: 3.47910e-05
Dhf Weighted RMS Error: 2.12095e-05
Dhf Weighted Mean Signed Error: -1.63184e-05
Dhf Weighted Least-Squares Error: 6.25841e-07
--------------------------------------------
Dispersion Parameters:
    Functional Form = 
	E(disp)_ij = sum_(n=6,8,10,12){A*fdamp_n*(Cij_n/r_ij^n)}
               C6              C8             C10             C12       
H            1.498389        6.488268       33.240608        0.000000
C            4.847096       18.798288       63.256519      202.859856
Fitted Atomtypes 
               A        
C(0)         1.000000
               A        
H(0)         1.000000
Constrained Atomtypes 
  None
------------
Dispersion RMS Error: 6.62584e-04
Dispersion Weighted RMS Error: 3.19711e-04
Dispersion Weighted Mean Signed Error: 1.82925e-04
Dispersion Weighted Least-Squares Error: 2.97228e-04
--------------------------------------------
Total Energy:
------------
Total Energy RMS Error: 6.74758e-04
Total Energy Weighted RMS Error: 4.92371e-04
Total Energy Weighted Mean Signed Error: 3.96715e-04
Total Energy Weighted Least-Squares Error: 2.10345e-04
--------------------------------------------
#########################################################################


