Importing configuration settings from the following files:
	C:\Users\Theodore\Apps\pointer\methods\default.pyc
	C:\Users\Theodore\Apps\pointer\methods\default.pyc

Current Program Settings:
aij_combination_rule                     geometric
bij_combination_rule                     geometric_mean
cij_combination_rule                     geometric
constrained_atomtypes                    []
constraint_files                         []
drude_method                             multipole-gradient
drude_read_file                          edrudes.dat
electrostatic_damping_type               None
energy_file                              input/ethane_ethane.sapt
exact_radial_correction                  False
fit_bii                                  False
fit_dispersion                           anisotropic
fit_residuals                            False
functional_form                          slater
ignorecase                               False
include_slater_charge_penetration        False
induction_damping_type                   Thole
inputdir                                 input/
lone_pair_flags                          ['Du', 'lp']
mon1                                     ethane
mon2                                     ethane
multipole_file1                          input/ethane_ISA_L2.mom
multipole_file2                          input/ethane_ISA_L2.mom
multipoles_suffix                        _ISA_L2.mom
ofile_prefix                             
ofile_suffix                             
output_file                              coeffs.out
output_settings_file                     settings.out
rigid_monomers                           True
scale_weighting_temperature              5.0
separate_induction_exponents             False
springcon                                0.1
thole_damping_type                       thole_tinker
thole_param                              0.36
weighted_rmse_cutoff                     0.0
