Importing configuration settings from the following files:
	C:\Users\Althea\Apps\pointer\methods\default.py
	C:\Users\Althea\Apps\pointer\methods\mastiff.py

Current Program Settings:
aij_combination_rule                     geometric
bij_combination_rule                     geometric_mean
cij_combination_rule                     geometric
constrained_atomtypes                    []
constraint_files                         []
drude_method                             multipole-gradient
drude_read_file                          edrudes.dat
electrostatic_damping_type               None
energy_file                              input/methane_methane.sapt
exact_radial_correction                  False
exponent_files                           []
fit_bii                                  True
fit_dispersion                           anisotropic
fit_residuals                            False
functional_form                          slater
ignorecase                               False
include_slater_charge_penetration        False
induction_damping_type                   Thole
inputdir                                 input/
lone_pair_flags                          ['Du', 'lp']
mon1                                     methane
mon2                                     methane
multipole_file1                          input/methane_ISA_L2.mom
multipole_file2                          input/methane_ISA_L2.mom
multipoles_suffix                        _ISA_L2.mom
ofile_prefix                             output/fit_exp_
ofile_suffix                             _unconstrained
output_file                              output/fit_exp_coeffs_unconstrained.out
output_settings_file                     output/fit_exp_settings_unconstrained.out
rigid_monomers                           True
scale_weighting_temperature              5.0
separate_induction_exponents             False
springcon                                0.1
thole_damping_type                       thole_tinker
thole_param                              0.36
weighted_rmse_cutoff                     0.0
