########################## FF Fitting Summary ###########################
--------------------------------------------
Program Version: 2.0.0
Short-range Functional Form: slater
Combination Rules: aij = geometric
                   bij = geometric_mean
                   cij = geometric
Electrostatic Damping Type: None
Thole         Damping Type: thole_tinker
Thole Param: 0.36
Fitting weight: eff_mu = 0.0 Ha
                eff_kt = 0.01055903 Ha
Weighted RMSE cutoff: 0.0 Ha
Anisotropic Atomtypes: None
------------
Exponents:
H(0)       2.218065
C(0)       2.005487
------------
Monomer 1 Multipole File:
input/ethane_ISA_L2.mom
Monomer 2 Multipole File:
input/ethane_ISA_L2.mom
--------------------------------------------
Exchange Parameters:
    Functional Form = 
	E(exch)_ij = A*(1 + a_yml*Y_ml)*exp(-bij*rij)
    where the a coefficient for each spherical harmonic term Y_ml
    is listed in the parameters below.
Fitted Atomtypes 
               A        
H(0)        11.523510
               A        
C(0)         6.099217
Constrained Atomtypes 
  None
------------
Exchange RMS Error: 2.52181e-03
Exchange Weighted RMS Error: 1.02366e-03
Exchange Weighted Mean Signed Error: 5.17848e-04
Exchange Weighted Least-Squares Error: 1.20203e-03
--------------------------------------------
########################## FF Fitting Summary ###########################
--------------------------------------------
Program Version: 2.0.0
Short-range Functional Form: slater
Combination Rules: aij = geometric
                   bij = geometric_mean
                   cij = geometric
Electrostatic Damping Type: None
Thole         Damping Type: thole_tinker
Thole Param: 0.36
Fitting weight: eff_mu = 0.0 Ha
                eff_kt = 0.01055903 Ha
Weighted RMSE cutoff: 0.0 Ha
Anisotropic Atomtypes: None
------------
Exponents:
H(0)       2.218065
C(0)       2.005487
------------
Monomer 1 Multipole File:
input/ethane_ISA_L2.mom
Monomer 2 Multipole File:
input/ethane_ISA_L2.mom
--------------------------------------------
Exchange Parameters:
    Functional Form = 
	E(exch)_ij = A*(1 + a_yml*Y_ml)*exp(-bij*rij)
    where the a coefficient for each spherical harmonic term Y_ml
    is listed in the parameters below.
Fitted Atomtypes 
               A        
H(0)         0.620416
               A        
C(0)         1.898720
Constrained Atomtypes 
  None
------------
Exchange RMS Error: 5.28610e-04
Exchange Weighted RMS Error: 2.08082e-04
Exchange Weighted Mean Signed Error: -3.65952e-05
Exchange Weighted Least-Squares Error: 4.63040e-05
--------------------------------------------
Electrostatic Parameters:
    Functional Form = 
	E(elst)_ij = f_damp*qi*qj/rij - A*(1 + a_yml*Y_ml)*exp(-bij*rij)
Fitted Atomtypes 
               A        
H(0)         0.290870
               A        
C(0)         1.373972
Constrained Atomtypes 
  None
------------
Electrostatics RMS Error: 1.69829e-04
Electrostatics Weighted RMS Error: 7.60343e-05
Electrostatics Weighted Mean Signed Error: 2.71061e-05
Electrostatics Weighted Least-Squares Error: 1.81303e-05
--------------------------------------------
Drude oscillator energy has been calculated using the following method: multipole-gradient
Induction Parameters:
    Functional Form = 
	E(ind)_ij = shell_charge - A*(1 + a_yml*Y_ml)*exp(-bij*rij)
Fitted Atomtypes 
               A        
H(0)         0.129950
               A        
C(0)         0.024926
Constrained Atomtypes 
  None
------------
Induction RMS Error: 3.22292e-05
Induction Weighted RMS Error: 1.79961e-05
Induction Weighted Mean Signed Error: 1.14970e-05
Induction Weighted Least-Squares Error: 5.28150e-07
--------------------------------------------
DHF Parameters:
    Functional Form = 
	E(dhf)_ij = - A*(1 + a_yml*Y_ml)*exp(-bij*rij)
Fitted Atomtypes 
               A        
H(0)         0.210023
               A        
C(0)         0.089280
Constrained Atomtypes 
  None
------------
Dhf RMS Error: 2.65820e-05
Dhf Weighted RMS Error: 1.66725e-05
Dhf Weighted Mean Signed Error: 1.34147e-05
Dhf Weighted Least-Squares Error: 3.68081e-07
--------------------------------------------
Dispersion Parameters:
    Functional Form = 
	E(disp)_ij = sum_(n=6,8,10,12){A*fdamp_n*(Cij_n/r_ij^n)}
               C6              C8             C10             C12       
H            1.460432       10.009121       50.825351      157.077299
C            0.180285        4.765656      112.486506      810.194458
Fitted Atomtypes 
               A        
H(0)         1.000000
               A        
C(0)         1.000000
Constrained Atomtypes 
  None
------------
Dispersion RMS Error: 5.59118e-04
Dispersion Weighted RMS Error: 4.31611e-04
Dispersion Weighted Mean Signed Error: -4.17063e-04
Dispersion Weighted Least-Squares Error: 1.95459e-04
--------------------------------------------
Total Energy:
------------
Total Energy RMS Error: 6.10668e-04
Total Energy Weighted RMS Error: 4.45803e-04
Total Energy Weighted Mean Signed Error: -4.01641e-04
Total Energy Weighted Least-Squares Error: 1.75367e-04
--------------------------------------------
#########################################################################


