########################## FF Fitting Summary ###########################
--------------------------------------------
Program Version: 2.0.0
Short-range Functional Form: slater
Combination Rules: aij = geometric
                   bij = geometric_mean
                   cij = geometric
Electrostatic Damping Type: None
Thole         Damping Type: thole_tinker
Thole Param: 0.36
Fitting weight: eff_mu = 0.0 Ha
                eff_kt = 0.011607855 Ha
Weighted RMSE cutoff: 0.0 Ha
Anisotropic Atomtypes: None
------------
Exponents (Optimized):
C(0)       2.216722
H(0)       2.152097
------------
Monomer 1 Multipole File:
input/propane_ISA_L2.mom
Monomer 2 Multipole File:
input/propane_ISA_L2.mom
--------------------------------------------
Exchange Parameters:
    Functional Form = 
	E(exch)_ij = A*(1 + a_yml*Y_ml)*exp(-bij*rij)
    where the a coefficient for each spherical harmonic term Y_ml
    is listed in the parameters below.
Fitted Atomtypes 
               A        
C(0)         2.929797
               A        
H(0)         0.579628
Constrained Atomtypes 
  None
------------
Exchange RMS Error: 5.27289e-04
Exchange Weighted RMS Error: 2.15161e-04
Exchange Weighted Mean Signed Error: 7.39412e-06
Exchange Weighted Least-Squares Error: 4.93397e-05
--------------------------------------------
Electrostatic Parameters:
    Functional Form = 
	E(elst)_ij = f_damp*qi*qj/rij - A*(1 + a_yml*Y_ml)*exp(-bij*rij)
Fitted Atomtypes 
               A        
C(0)         2.097194
               A        
H(0)         0.279544
Constrained Atomtypes 
  None
------------
Electrostatics RMS Error: 1.52589e-04
Electrostatics Weighted RMS Error: 6.15565e-05
Electrostatics Weighted Mean Signed Error: 2.35555e-07
Electrostatics Weighted Least-Squares Error: 1.44180e-05
--------------------------------------------
Drude oscillator energy has been calculated using the following method: multipole-gradient
Induction Parameters:
    Functional Form = 
	E(ind)_ij = shell_charge - A*(1 + a_yml*Y_ml)*exp(-bij*rij)
Fitted Atomtypes 
               A        
C(0)         0.043886
               A        
H(0)         0.111564
Constrained Atomtypes 
  None
------------
Induction RMS Error: 3.69399e-05
Induction Weighted RMS Error: 2.14495e-05
Induction Weighted Mean Signed Error: 1.18149e-05
Induction Weighted Least-Squares Error: 6.85247e-07
--------------------------------------------
DHF Parameters:
    Functional Form = 
	E(dhf)_ij = - A*(1 + a_yml*Y_ml)*exp(-bij*rij)
Fitted Atomtypes 
               A        
C(0)         0.120615
               A        
H(0)         0.190479
Constrained Atomtypes 
  None
------------
Dhf RMS Error: 2.99082e-05
Dhf Weighted RMS Error: 2.06081e-05
Dhf Weighted Mean Signed Error: 1.67106e-05
Dhf Weighted Least-Squares Error: 4.57762e-07
--------------------------------------------
Dispersion Parameters:
    Functional Form = 
	E(disp)_ij = sum_(n=6,8,10,12){A*fdamp_n*(Cij_n/r_ij^n)}
               C6              C8             C10             C12       
H            1.498389        6.488268       33.240608        0.000000
C            4.847096       18.798288       63.256519      202.859856
Fitted Atomtypes 
               A        
C(0)         1.000000
               A        
H(0)         1.000000
Constrained Atomtypes 
  None
------------
Dispersion RMS Error: 1.93074e-04
Dispersion Weighted RMS Error: 1.21936e-04
Dispersion Weighted Mean Signed Error: -9.82545e-05
Dispersion Weighted Least-Squares Error: 2.29697e-05
--------------------------------------------
Total Energy:
------------
Total Energy RMS Error: 3.65738e-04
Total Energy Weighted RMS Error: 1.61569e-04
Total Energy Weighted Mean Signed Error: -6.20993e-05
Total Energy Weighted Least-Squares Error: 5.86033e-05
--------------------------------------------
#########################################################################


