########################## FF Fitting Summary ###########################
--------------------------------------------
Program Version: 2.0.0
Short-range Functional Form: slater
Combination Rules: aij = geometric
                   bij = geometric_mean
                   cij = geometric
Electrostatic Damping Type: None
Thole         Damping Type: thole_tinker
Thole Param: 0.36
Fitting weight: eff_mu = 0.0 Ha
                eff_kt = 0.011607855 Ha
Weighted RMSE cutoff: 0.0 Ha
Anisotropic Atomtypes: None
------------
Exponents:
H(0)       2.163538
C(0)       2.231131
------------
Monomer 1 Multipole File:
input/propane_ISA_L2.mom
Monomer 2 Multipole File:
input/propane_ISA_L2.mom
--------------------------------------------
Exchange Parameters:
    Functional Form = 
	E(exch)_ij = A*(1 + a_yml*Y_ml)*exp(-bij*rij)
    where the a coefficient for each spherical harmonic term Y_ml
    is listed in the parameters below.
Fitted Atomtypes 
               A        
C(0)         2.986112
               A        
H(0)         0.588112
Constrained Atomtypes 
  None
------------
Exchange RMS Error: 5.47137e-04
Exchange Weighted RMS Error: 2.11142e-04
Exchange Weighted Mean Signed Error: 6.34690e-05
Exchange Weighted Least-Squares Error: 5.13220e-05
--------------------------------------------
Electrostatic Parameters:
    Functional Form = 
	E(elst)_ij = f_damp*qi*qj/rij - A*(1 + a_yml*Y_ml)*exp(-bij*rij)
Fitted Atomtypes 
               A        
C(0)         2.149301
               A        
H(0)         0.282057
Constrained Atomtypes 
  None
------------
Electrostatics RMS Error: 1.61076e-04
Electrostatics Weighted RMS Error: 5.97742e-05
Electrostatics Weighted Mean Signed Error: -2.08797e-05
Electrostatics Weighted Least-Squares Error: 1.60440e-05
--------------------------------------------
Drude oscillator energy has been calculated using the following method: multipole-gradient
Induction Parameters:
    Functional Form = 
	E(ind)_ij = shell_charge - A*(1 + a_yml*Y_ml)*exp(-bij*rij)
Fitted Atomtypes 
               A        
C(0)         0.075284
               A        
H(0)         0.113538
Constrained Atomtypes 
  None
------------
Induction RMS Error: 3.72374e-05
Induction Weighted RMS Error: 2.30675e-05
Induction Weighted Mean Signed Error: 1.30643e-05
Induction Weighted Least-Squares Error: 6.94392e-07
--------------------------------------------
DHF Parameters:
    Functional Form = 
	E(dhf)_ij = - A*(1 + a_yml*Y_ml)*exp(-bij*rij)
Fitted Atomtypes 
               A        
C(0)         0.136822
               A        
H(0)         0.193035
Constrained Atomtypes 
  None
------------
Dhf RMS Error: 2.89964e-05
Dhf Weighted RMS Error: 1.89199e-05
Dhf Weighted Mean Signed Error: 1.49756e-05
Dhf Weighted Least-Squares Error: 4.31114e-07
--------------------------------------------
Dispersion Parameters:
    Functional Form = 
	E(disp)_ij = sum_(n=6,8,10,12){A*fdamp_n*(Cij_n/r_ij^n)}
               C6              C8             C10             C12       
H            1.498389        6.488268       33.240608        0.000000
C            4.847096       18.798288       63.256519      202.859856
Fitted Atomtypes 
               A        
C(0)         1.000000
               A        
H(0)         1.000000
Constrained Atomtypes 
  None
------------
Dispersion RMS Error: 1.69167e-04
Dispersion Weighted RMS Error: 1.11742e-04
Dispersion Weighted Mean Signed Error: -8.50284e-05
Dispersion Weighted Least-Squares Error: 1.75155e-05
--------------------------------------------
Total Energy:
------------
Total Energy RMS Error: 3.52165e-04
Total Energy Weighted RMS Error: 1.45147e-04
Total Energy Weighted Mean Signed Error: -1.43991e-05
Total Energy Weighted Least-Squares Error: 5.26048e-05
--------------------------------------------
#########################################################################


