########################## FF Fitting Summary ###########################
--------------------------------------------
Program Version: 2.0.0
Short-range Functional Form: slater
Combination Rules: aij = geometric
                   bij = geometric_mean
                   cij = geometric
Electrostatic Damping Type: None
Thole         Damping Type: thole_tinker
Thole Param: 0.36
Fitting weight: eff_mu = 0.0 Ha
                eff_kt = 0.01055903 Ha
Weighted RMSE cutoff: 0.0 Ha
Anisotropic Atomtypes: None
------------
Exponents:
H(0)       2.198112
C(0)       2.124254
------------
Monomer 1 Multipole File:
input/ethane_ISA_L2.mom
Monomer 2 Multipole File:
input/ethane_ISA_L2.mom
--------------------------------------------
Exchange Parameters:
    Functional Form = 
	E(exch)_ij = A*(1 + a_yml*Y_ml)*exp(-bij*rij)
    where the a coefficient for each spherical harmonic term Y_ml
    is listed in the parameters below.
Fitted Atomtypes 
               A        
C(0)         2.292804
               A        
H(0)         0.632732
Constrained Atomtypes 
  None
------------
Exchange RMS Error: 5.34403e-04
Exchange Weighted RMS Error: 2.38406e-04
Exchange Weighted Mean Signed Error: -8.13674e-05
Exchange Weighted Least-Squares Error: 5.20570e-05
--------------------------------------------
Electrostatic Parameters:
    Functional Form = 
	E(elst)_ij = f_damp*qi*qj/rij - A*(1 + a_yml*Y_ml)*exp(-bij*rij)
Fitted Atomtypes 
               A        
C(0)         1.644382
               A        
H(0)         0.306208
Constrained Atomtypes 
  None
------------
Electrostatics RMS Error: 1.78640e-04
Electrostatics Weighted RMS Error: 8.48669e-05
Electrostatics Weighted Mean Signed Error: 3.97429e-05
Electrostatics Weighted Least-Squares Error: 1.97455e-05
--------------------------------------------
Drude oscillator energy has been calculated using the following method: multipole-gradient
Induction Parameters:
    Functional Form = 
	E(ind)_ij = shell_charge - A*(1 + a_yml*Y_ml)*exp(-bij*rij)
Fitted Atomtypes 
               A        
C(0)         0.034747
               A        
H(0)         0.123268
Constrained Atomtypes 
  None
------------
Induction RMS Error: 3.32950e-05
Induction Weighted RMS Error: 1.68554e-05
Induction Weighted Mean Signed Error: 1.01402e-05
Induction Weighted Least-Squares Error: 5.65100e-07
--------------------------------------------
DHF Parameters:
    Functional Form = 
	E(dhf)_ij = - A*(1 + a_yml*Y_ml)*exp(-bij*rij)
Fitted Atomtypes 
               A        
C(0)         0.105702
               A        
H(0)         0.204538
Constrained Atomtypes 
  None
------------
Dhf RMS Error: 2.71818e-05
Dhf Weighted RMS Error: 1.81781e-05
Dhf Weighted Mean Signed Error: 1.49597e-05
Dhf Weighted Least-Squares Error: 3.84102e-07
--------------------------------------------
Dispersion Parameters:
    Functional Form = 
	E(disp)_ij = sum_(n=6,8,10,12){A*fdamp_n*(Cij_n/r_ij^n)}
               C6              C8             C10             C12       
H            1.498389        6.488268       33.240608        0.000000
C            4.847096       18.798288       63.256519      202.859856
Fitted Atomtypes 
               A        
C(0)         1.000000
               A        
H(0)         1.000000
Constrained Atomtypes 
  None
------------
Dispersion RMS Error: 1.34372e-04
Dispersion Weighted RMS Error: 7.80955e-05
Dispersion Weighted Mean Signed Error: -3.74587e-05
Dispersion Weighted Least-Squares Error: 1.12847e-05
--------------------------------------------
Total Energy:
------------
Total Energy RMS Error: 3.56959e-04
Total Energy Weighted RMS Error: 1.38941e-04
Total Energy Weighted Mean Signed Error: -5.39834e-05
Total Energy Weighted Least-Squares Error: 5.52970e-05
--------------------------------------------
#########################################################################


########################## FF Fitting Summary ###########################
--------------------------------------------
Program Version: 2.0.0
Short-range Functional Form: slater
Combination Rules: aij = geometric
                   bij = geometric_mean
                   cij = geometric
Electrostatic Damping Type: None
Thole         Damping Type: thole_tinker
Thole Param: 0.36
Fitting weight: eff_mu = 0.0 Ha
                eff_kt = 0.01055903 Ha
Weighted RMSE cutoff: 0.0 Ha
Anisotropic Atomtypes: None
------------
Exponents:
H(0)       2.198112
C(0)       2.124254
------------
Monomer 1 Multipole File:
input/ethane_ISA_L2.mom
Monomer 2 Multipole File:
input/ethane_ISA_L2.mom
--------------------------------------------
Exchange Parameters:
    Functional Form = 
	E(exch)_ij = A*(1 + a_yml*Y_ml)*exp(-bij*rij)
    where the a coefficient for each spherical harmonic term Y_ml
    is listed in the parameters below.
Fitted Atomtypes 
               A        
C(0)         2.292804
               A        
H(0)         0.632732
Constrained Atomtypes 
  None
------------
Exchange RMS Error: 5.34403e-04
Exchange Weighted RMS Error: 2.38406e-04
Exchange Weighted Mean Signed Error: -8.13674e-05
Exchange Weighted Least-Squares Error: 5.20570e-05
--------------------------------------------
Electrostatic Parameters:
    Functional Form = 
	E(elst)_ij = f_damp*qi*qj/rij - A*(1 + a_yml*Y_ml)*exp(-bij*rij)
Fitted Atomtypes 
               A        
C(0)         1.644382
               A        
H(0)         0.306208
Constrained Atomtypes 
  None
------------
Electrostatics RMS Error: 1.78640e-04
Electrostatics Weighted RMS Error: 8.48669e-05
Electrostatics Weighted Mean Signed Error: 3.97429e-05
Electrostatics Weighted Least-Squares Error: 1.97455e-05
--------------------------------------------
Drude oscillator energy has been calculated using the following method: multipole-gradient
Induction Parameters:
    Functional Form = 
	E(ind)_ij = shell_charge - A*(1 + a_yml*Y_ml)*exp(-bij*rij)
Fitted Atomtypes 
               A        
C(0)         0.034753
               A        
H(0)         0.123267
Constrained Atomtypes 
  None
------------
Induction RMS Error: 3.32950e-05
Induction Weighted RMS Error: 1.68552e-05
Induction Weighted Mean Signed Error: 1.01398e-05
Induction Weighted Least-Squares Error: 5.65101e-07
--------------------------------------------
DHF Parameters:
    Functional Form = 
	E(dhf)_ij = - A*(1 + a_yml*Y_ml)*exp(-bij*rij)
Fitted Atomtypes 
               A        
C(0)         0.105682
               A        
H(0)         0.204540
Constrained Atomtypes 
  None
------------
Dhf RMS Error: 2.71829e-05
Dhf Weighted RMS Error: 1.81777e-05
Dhf Weighted Mean Signed Error: 1.49586e-05
Dhf Weighted Least-Squares Error: 3.84133e-07
--------------------------------------------
########################## FF Fitting Summary ###########################
--------------------------------------------
Program Version: 2.0.0
Short-range Functional Form: slater
Combination Rules: aij = geometric
                   bij = geometric_mean
                   cij = geometric
Electrostatic Damping Type: None
Thole         Damping Type: thole_tinker
Thole Param: 0.36
Fitting weight: eff_mu = 0.0 Ha
                eff_kt = 0.01055903 Ha
Weighted RMSE cutoff: 0.0 Ha
Anisotropic Atomtypes: None
------------
Exponents:
C(0)       2.124254
H(0)       2.198112
------------
Monomer 1 Multipole File:
input/ethane_ISA_L2.mom
Monomer 2 Multipole File:
input/ethane_ISA_L2.mom
--------------------------------------------
Exchange Parameters:
    Functional Form = 
	E(exch)_ij = A*(1 + a_yml*Y_ml)*exp(-bij*rij)
    where the a coefficient for each spherical harmonic term Y_ml
    is listed in the parameters below.
Fitted Atomtypes 
               A        
C(0)         2.292804
               A        
H(0)         0.632732
Constrained Atomtypes 
  None
------------
Exchange RMS Error: 5.34403e-04
Exchange Weighted RMS Error: 2.38406e-04
Exchange Weighted Mean Signed Error: -8.13674e-05
Exchange Weighted Least-Squares Error: 5.20570e-05
--------------------------------------------
Electrostatic Parameters:
    Functional Form = 
	E(elst)_ij = f_damp*qi*qj/rij - A*(1 + a_yml*Y_ml)*exp(-bij*rij)
Fitted Atomtypes 
               A        
C(0)         1.644382
               A        
H(0)         0.306208
Constrained Atomtypes 
  None
------------
Electrostatics RMS Error: 1.78640e-04
Electrostatics Weighted RMS Error: 8.48669e-05
Electrostatics Weighted Mean Signed Error: 3.97429e-05
Electrostatics Weighted Least-Squares Error: 1.97455e-05
--------------------------------------------
Drude oscillator energy has been calculated using the following method: multipole-gradient
Induction Parameters:
    Functional Form = 
	E(ind)_ij = shell_charge - A*(1 + a_yml*Y_ml)*exp(-bij*rij)
Fitted Atomtypes 
               A        
C(0)         0.034750
               A        
H(0)         0.123268
Constrained Atomtypes 
  None
------------
Induction RMS Error: 3.32950e-05
Induction Weighted RMS Error: 1.68555e-05
Induction Weighted Mean Signed Error: 1.01404e-05
Induction Weighted Least-Squares Error: 5.65100e-07
--------------------------------------------
DHF Parameters:
    Functional Form = 
	E(dhf)_ij = - A*(1 + a_yml*Y_ml)*exp(-bij*rij)
Fitted Atomtypes 
               A        
C(0)         0.105694
               A        
H(0)         0.204539
Constrained Atomtypes 
  None
------------
Dhf RMS Error: 2.71856e-05
Dhf Weighted RMS Error: 1.81807e-05
Dhf Weighted Mean Signed Error: 1.49614e-05
Dhf Weighted Least-Squares Error: 3.84207e-07
--------------------------------------------
Dispersion Parameters:
    Functional Form = 
	E(disp)_ij = sum_(n=6,8,10,12){A*fdamp_n*(Cij_n/r_ij^n)}
               C6              C8             C10             C12       
H            1.498389        6.488268       33.240608        0.000000
C            4.847096       18.798288       63.256519      202.859856
Fitted Atomtypes 
               A        
C(0)         1.000000
               A        
H(0)         1.000000
Constrained Atomtypes 
  None
------------
Dispersion RMS Error: 1.34372e-04
Dispersion Weighted RMS Error: 7.80955e-05
Dispersion Weighted Mean Signed Error: -3.74587e-05
Dispersion Weighted Least-Squares Error: 1.12847e-05
--------------------------------------------
Total Energy:
------------
Total Energy RMS Error: 3.56959e-04
Total Energy Weighted RMS Error: 1.38940e-04
Total Energy Weighted Mean Signed Error: -5.39815e-05
Total Energy Weighted Least-Squares Error: 5.52971e-05
--------------------------------------------
#########################################################################


