########################## FF Fitting Summary ###########################
--------------------------------------------
Program Version: 2.0.0
Short-range Functional Form: slater
Combination Rules: aij = geometric
                   bij = geometric_mean
                   cij = geometric
Electrostatic Damping Type: None
Thole         Damping Type: thole_tinker
Thole Param: 0.36
Fitting weight: eff_mu = 0.0 Ha
                eff_kt = 0.01629104 Ha
Weighted RMSE cutoff: 0.0 Ha
Anisotropic Atomtypes: None
------------
Exponents:
H(0)       2.198112
C(0)       2.124254
------------
Monomer 1 Multipole File:
input/butane_ISA_L2.mom
Monomer 2 Multipole File:
input/butane_ISA_L2.mom
--------------------------------------------
Exchange Parameters:
    Functional Form = 
	E(exch)_ij = A*(1 + a_yml*Y_ml)*exp(-bij*rij)
    where the a coefficient for each spherical harmonic term Y_ml
    is listed in the parameters below.
Fitted Atomtypes 
               A        
C(0)         2.292804
               A        
H(0)         0.632732
Constrained Atomtypes 
  None
------------
Exchange RMS Error: 5.63600e-04
Exchange Weighted RMS Error: 3.24611e-04
Exchange Weighted Mean Signed Error: 1.10108e-04
Exchange Weighted Least-Squares Error: 8.18776e-05
--------------------------------------------
Electrostatic Parameters:
    Functional Form = 
	E(elst)_ij = f_damp*qi*qj/rij - A*(1 + a_yml*Y_ml)*exp(-bij*rij)
Fitted Atomtypes 
               A        
C(0)         1.644382
               A        
H(0)         0.306208
Constrained Atomtypes 
  None
------------
Electrostatics RMS Error: 1.81598e-04
Electrostatics Weighted RMS Error: 9.70005e-05
Electrostatics Weighted Mean Signed Error: -3.30932e-05
Electrostatics Weighted Least-Squares Error: 1.93963e-05
--------------------------------------------
Drude oscillator energy has been calculated using the following method: multipole-gradient
Induction Parameters:
    Functional Form = 
	E(ind)_ij = shell_charge - A*(1 + a_yml*Y_ml)*exp(-bij*rij)
Fitted Atomtypes 
               A        
C(0)         0.034747
               A        
H(0)         0.123268
Constrained Atomtypes 
  None
------------
Induction RMS Error: 3.50772e-05
Induction Weighted RMS Error: 2.40031e-05
Induction Weighted Mean Signed Error: 1.25862e-05
Induction Weighted Least-Squares Error: 6.17678e-07
--------------------------------------------
DHF Parameters:
    Functional Form = 
	E(dhf)_ij = - A*(1 + a_yml*Y_ml)*exp(-bij*rij)
Fitted Atomtypes 
               A        
C(0)         0.105702
               A        
H(0)         0.204538
Constrained Atomtypes 
  None
------------
Dhf RMS Error: 2.57389e-05
Dhf Weighted RMS Error: 1.67502e-05
Dhf Weighted Mean Signed Error: 1.08745e-05
Dhf Weighted Least-Squares Error: 3.38580e-07
--------------------------------------------
Dispersion Parameters:
    Functional Form = 
	E(disp)_ij = sum_(n=6,8,10,12){A*fdamp_n*(Cij_n/r_ij^n)}
               C6              C8             C10             C12       
H            1.498389        6.488268       33.240608        0.000000
C            4.847096       18.798288       63.256519      202.859856
Fitted Atomtypes 
               A        
C(0)         1.000000
               A        
H(0)         1.000000
Constrained Atomtypes 
  None
------------
Dispersion RMS Error: 1.72113e-04
Dispersion Weighted RMS Error: 1.35919e-04
Dispersion Weighted Mean Signed Error: -9.25273e-05
Dispersion Weighted Least-Squares Error: 1.72521e-05
--------------------------------------------
Total Energy:
------------
Total Energy RMS Error: 3.45033e-04
Total Energy Weighted RMS Error: 1.87532e-04
Total Energy Weighted Mean Signed Error: 7.94790e-06
Total Energy Weighted Least-Squares Error: 5.46140e-05
--------------------------------------------
#########################################################################


########################## FF Fitting Summary ###########################
--------------------------------------------
Program Version: 2.0.0
Short-range Functional Form: slater
Combination Rules: aij = geometric
                   bij = geometric_mean
                   cij = geometric
Electrostatic Damping Type: None
Thole         Damping Type: thole_tinker
Thole Param: 0.36
Fitting weight: eff_mu = 0.0 Ha
                eff_kt = 0.01629104 Ha
Weighted RMSE cutoff: 0.0 Ha
Anisotropic Atomtypes: None
------------
Exponents:
H(0)       2.198112
C(0)       2.124254
------------
Monomer 1 Multipole File:
input/butane_ISA_L2.mom
Monomer 2 Multipole File:
input/butane_ISA_L2.mom
--------------------------------------------
Exchange Parameters:
    Functional Form = 
	E(exch)_ij = A*(1 + a_yml*Y_ml)*exp(-bij*rij)
    where the a coefficient for each spherical harmonic term Y_ml
    is listed in the parameters below.
Fitted Atomtypes 
               A        
C(0)         2.292804
               A        
H(0)         0.632732
Constrained Atomtypes 
  None
------------
Exchange RMS Error: 5.63600e-04
Exchange Weighted RMS Error: 3.24611e-04
Exchange Weighted Mean Signed Error: 1.10108e-04
Exchange Weighted Least-Squares Error: 8.18776e-05
--------------------------------------------
Electrostatic Parameters:
    Functional Form = 
	E(elst)_ij = f_damp*qi*qj/rij - A*(1 + a_yml*Y_ml)*exp(-bij*rij)
Fitted Atomtypes 
               A        
C(0)         1.644382
               A        
H(0)         0.306208
Constrained Atomtypes 
  None
------------
Electrostatics RMS Error: 1.81598e-04
Electrostatics Weighted RMS Error: 9.70005e-05
Electrostatics Weighted Mean Signed Error: -3.30932e-05
Electrostatics Weighted Least-Squares Error: 1.93963e-05
--------------------------------------------
Drude oscillator energy has been calculated using the following method: multipole-gradient
Induction Parameters:
    Functional Form = 
	E(ind)_ij = shell_charge - A*(1 + a_yml*Y_ml)*exp(-bij*rij)
Fitted Atomtypes 
               A        
C(0)         0.034753
               A        
H(0)         0.123267
Constrained Atomtypes 
  None
------------
Induction RMS Error: 3.50780e-05
Induction Weighted RMS Error: 2.40036e-05
Induction Weighted Mean Signed Error: 1.25875e-05
Induction Weighted Least-Squares Error: 6.17704e-07
--------------------------------------------
DHF Parameters:
    Functional Form = 
	E(dhf)_ij = - A*(1 + a_yml*Y_ml)*exp(-bij*rij)
Fitted Atomtypes 
               A        
C(0)         0.105682
               A        
H(0)         0.204540
Constrained Atomtypes 
  None
------------
Dhf RMS Error: 2.57375e-05
Dhf Weighted RMS Error: 1.67490e-05
Dhf Weighted Mean Signed Error: 1.08733e-05
Dhf Weighted Least-Squares Error: 3.38543e-07
--------------------------------------------
########################## FF Fitting Summary ###########################
--------------------------------------------
Program Version: 2.0.0
Short-range Functional Form: slater
Combination Rules: aij = geometric
                   bij = geometric_mean
                   cij = geometric
Electrostatic Damping Type: None
Thole         Damping Type: thole_tinker
Thole Param: 0.36
Fitting weight: eff_mu = 0.0 Ha
                eff_kt = 0.01629104 Ha
Weighted RMSE cutoff: 0.0 Ha
Anisotropic Atomtypes: None
------------
Exponents:
C(0)       2.124254
H(0)       2.198112
------------
Monomer 1 Multipole File:
input/butane_ISA_L2.mom
Monomer 2 Multipole File:
input/butane_ISA_L2.mom
--------------------------------------------
Exchange Parameters:
    Functional Form = 
	E(exch)_ij = A*(1 + a_yml*Y_ml)*exp(-bij*rij)
    where the a coefficient for each spherical harmonic term Y_ml
    is listed in the parameters below.
Fitted Atomtypes 
               A        
C(0)         2.292804
               A        
H(0)         0.632732
Constrained Atomtypes 
  None
------------
Exchange RMS Error: 5.63600e-04
Exchange Weighted RMS Error: 3.24611e-04
Exchange Weighted Mean Signed Error: 1.10108e-04
Exchange Weighted Least-Squares Error: 8.18776e-05
--------------------------------------------
Electrostatic Parameters:
    Functional Form = 
	E(elst)_ij = f_damp*qi*qj/rij - A*(1 + a_yml*Y_ml)*exp(-bij*rij)
Fitted Atomtypes 
               A        
C(0)         1.644382
               A        
H(0)         0.306208
Constrained Atomtypes 
  None
------------
Electrostatics RMS Error: 1.81598e-04
Electrostatics Weighted RMS Error: 9.70005e-05
Electrostatics Weighted Mean Signed Error: -3.30932e-05
Electrostatics Weighted Least-Squares Error: 1.93963e-05
--------------------------------------------
Drude oscillator energy has been calculated using the following method: multipole-gradient
Induction Parameters:
    Functional Form = 
	E(ind)_ij = shell_charge - A*(1 + a_yml*Y_ml)*exp(-bij*rij)
Fitted Atomtypes 
               A        
C(0)         0.034750
               A        
H(0)         0.123268
Constrained Atomtypes 
  None
------------
Induction RMS Error: 3.50770e-05
Induction Weighted RMS Error: 2.40025e-05
Induction Weighted Mean Signed Error: 1.25867e-05
Induction Weighted Least-Squares Error: 6.17668e-07
--------------------------------------------
DHF Parameters:
    Functional Form = 
	E(dhf)_ij = - A*(1 + a_yml*Y_ml)*exp(-bij*rij)
Fitted Atomtypes 
               A        
C(0)         0.105694
               A        
H(0)         0.204539
Constrained Atomtypes 
  None
------------
Dhf RMS Error: 2.57399e-05
Dhf Weighted RMS Error: 1.67500e-05
Dhf Weighted Mean Signed Error: 1.08736e-05
Dhf Weighted Least-Squares Error: 3.38608e-07
--------------------------------------------
Dispersion Parameters:
    Functional Form = 
	E(disp)_ij = sum_(n=6,8,10,12){A*fdamp_n*(Cij_n/r_ij^n)}
               C6              C8             C10             C12       
H            1.498389        6.488268       33.240608        0.000000
C            4.847096       18.798288       63.256519      202.859856
Fitted Atomtypes 
               A        
C(0)         1.000000
               A        
H(0)         1.000000
Constrained Atomtypes 
  None
------------
Dispersion RMS Error: 1.72113e-04
Dispersion Weighted RMS Error: 1.35919e-04
Dispersion Weighted Mean Signed Error: -9.25273e-05
Dispersion Weighted Least-Squares Error: 1.72521e-05
--------------------------------------------
Total Energy:
------------
Total Energy RMS Error: 3.45033e-04
Total Energy Weighted RMS Error: 1.87532e-04
Total Energy Weighted Mean Signed Error: 7.94748e-06
Total Energy Weighted Least-Squares Error: 5.46141e-05
--------------------------------------------
#########################################################################


