########################## FF Fitting Summary ###########################
--------------------------------------------
Program Version: 2.0.0
Short-range Functional Form: slater
Combination Rules: aij = geometric
                   bij = geometric_mean
                   cij = geometric
Electrostatic Damping Type: None
Thole         Damping Type: thole_tinker
Thole Param: 0.36
Fitting weight: eff_mu = 0.0 Ha
                eff_kt = 0.00423445 Ha
Weighted RMSE cutoff: 0.0 Ha
Anisotropic Atomtypes: None
------------
Exponents (Optimized):
C(0)       1.672182
H(0)       2.678799
------------
Monomer 1 Multipole File:
input/methane_ISA_L2.mom
Monomer 2 Multipole File:
input/methane_ISA_L2.mom
--------------------------------------------
Exchange Parameters:
    Functional Form = 
	E(exch)_ij = A*(1 + a_yml*Y_ml)*exp(-bij*rij)
    where the a coefficient for each spherical harmonic term Y_ml
    is listed in the parameters below.
Fitted Atomtypes 
               A        
C(0)         1.217519
               A        
H(0)         1.154230
Constrained Atomtypes 
  None
------------
Exchange RMS Error: 2.99676e-04
Exchange Weighted RMS Error: 1.11991e-04
Exchange Weighted Mean Signed Error: 2.12927e-05
Exchange Weighted Least-Squares Error: 8.95656e-06
--------------------------------------------
Electrostatic Parameters:
    Functional Form = 
	E(elst)_ij = f_damp*qi*qj/rij - A*(1 + a_yml*Y_ml)*exp(-bij*rij)
Fitted Atomtypes 
               A        
C(0)         1.685410
               A        
H(0)         0.541120
Constrained Atomtypes 
  None
------------
Electrostatics RMS Error: 1.24287e-04
Electrostatics Weighted RMS Error: 6.42594e-05
Electrostatics Weighted Mean Signed Error: -4.47964e-05
Electrostatics Weighted Least-Squares Error: 1.04745e-05
--------------------------------------------
Drude oscillator energy has been calculated using the following method: multipole-gradient
Induction Parameters:
    Functional Form = 
	E(ind)_ij = shell_charge - A*(1 + a_yml*Y_ml)*exp(-bij*rij)
Fitted Atomtypes 
               A        
C(0)         0.000000
               A        
H(0)         0.266173
Constrained Atomtypes 
  None
------------
Induction RMS Error: 2.18061e-05
Induction Weighted RMS Error: 5.49401e-06
Induction Weighted Mean Signed Error: 5.55560e-08
Induction Weighted Least-Squares Error: 2.53912e-07
--------------------------------------------
DHF Parameters:
    Functional Form = 
	E(dhf)_ij = - A*(1 + a_yml*Y_ml)*exp(-bij*rij)
Fitted Atomtypes 
               A        
C(0)         0.272791
               A        
H(0)         0.385635
Constrained Atomtypes 
  None
------------
Dhf RMS Error: 4.31802e-05
Dhf Weighted RMS Error: 1.94832e-05
Dhf Weighted Mean Signed Error: -1.59890e-05
Dhf Weighted Least-Squares Error: 1.03360e-06
--------------------------------------------
Dispersion Parameters:
    Functional Form = 
	E(disp)_ij = sum_(n=6,8,10,12){A*fdamp_n*(Cij_n/r_ij^n)}
               C6              C8             C10             C12       
H            1.498389        6.488268       33.240608        0.000000
C            4.847096       18.798288       63.256519      202.859856
Fitted Atomtypes 
               A        
C(0)         1.000000
               A        
H(0)         1.000000
Constrained Atomtypes 
  None
------------
Dispersion RMS Error: 5.16005e-04
Dispersion Weighted RMS Error: 1.56938e-04
Dispersion Weighted Mean Signed Error: 1.13160e-04
Dispersion Weighted Least-Squares Error: 2.03747e-04
--------------------------------------------
Total Energy:
------------
Total Energy RMS Error: 6.02330e-04
Total Energy Weighted RMS Error: 1.63493e-04
Total Energy Weighted Mean Signed Error: 7.37230e-05
Total Energy Weighted Least-Squares Error: 8.72243e-05
--------------------------------------------
#########################################################################


