########################## FF Fitting Summary ###########################
--------------------------------------------
Program Version: 2.0.0
Short-range Functional Form: slater
Combination Rules: aij = geometric
                   bij = geometric_mean
                   cij = geometric
Electrostatic Damping Type: None
Thole         Damping Type: thole_tinker
Thole Param: 0.36
Fitting weight: eff_mu = 0.0 Ha
                eff_kt = 0.01629104 Ha
Weighted RMSE cutoff: 0.0 Ha
Anisotropic Atomtypes: None
------------
Exponents (Optimized):
H(0)       2.219655
C(0)       2.004228
------------
Monomer 1 Multipole File:
input/butane_ISA_L2.mom
Monomer 2 Multipole File:
input/butane_ISA_L2.mom
--------------------------------------------
Exchange Parameters:
    Functional Form = 
	E(exch)_ij = A*(1 + a_yml*Y_ml)*exp(-bij*rij)
    where the a coefficient for each spherical harmonic term Y_ml
    is listed in the parameters below.
Fitted Atomtypes 
               A        
C(0)         1.839877
               A        
H(0)         0.638755
Constrained Atomtypes 
  None
------------
Exchange RMS Error: 5.72815e-04
Exchange Weighted RMS Error: 3.39006e-04
Exchange Weighted Mean Signed Error: 1.29756e-04
Exchange Weighted Least-Squares Error: 8.64610e-05
--------------------------------------------
########################## FF Fitting Summary ###########################
--------------------------------------------
Program Version: 2.0.0
Short-range Functional Form: slater
Combination Rules: aij = geometric
                   bij = geometric_mean
                   cij = geometric
Electrostatic Damping Type: None
Thole         Damping Type: thole_tinker
Thole Param: 0.36
Fitting weight: eff_mu = 0.0 Ha
                eff_kt = 0.01629104 Ha
Weighted RMSE cutoff: 0.0 Ha
Anisotropic Atomtypes: None
------------
Exponents (Optimized):
H(0)       2.219655
C(0)       2.004228
------------
Monomer 1 Multipole File:
input/butane_ISA_L2.mom
Monomer 2 Multipole File:
input/butane_ISA_L2.mom
--------------------------------------------
Exchange Parameters:
    Functional Form = 
	E(exch)_ij = A*(1 + a_yml*Y_ml)*exp(-bij*rij)
    where the a coefficient for each spherical harmonic term Y_ml
    is listed in the parameters below.
Fitted Atomtypes 
               A        
C(0)         1.839877
               A        
H(0)         0.638755
Constrained Atomtypes 
  None
------------
Exchange RMS Error: 5.72815e-04
Exchange Weighted RMS Error: 3.39006e-04
Exchange Weighted Mean Signed Error: 1.29756e-04
Exchange Weighted Least-Squares Error: 8.64610e-05
--------------------------------------------
########################## FF Fitting Summary ###########################
--------------------------------------------
Program Version: 2.0.0
Short-range Functional Form: slater
Combination Rules: aij = geometric
                   bij = geometric_mean
                   cij = geometric
Electrostatic Damping Type: None
Thole         Damping Type: thole_tinker
Thole Param: 0.36
Fitting weight: eff_mu = 0.0 Ha
                eff_kt = 0.01629104 Ha
Weighted RMSE cutoff: 0.0 Ha
Anisotropic Atomtypes: None
------------
Exponents (Optimized):
H(0)       2.219655
C(0)       2.004228
------------
Monomer 1 Multipole File:
input/butane_ISA_L2.mom
Monomer 2 Multipole File:
input/butane_ISA_L2.mom
--------------------------------------------
Exchange Parameters:
    Functional Form = 
	E(exch)_ij = A*(1 + a_yml*Y_ml)*exp(-bij*rij)
    where the a coefficient for each spherical harmonic term Y_ml
    is listed in the parameters below.
Fitted Atomtypes 
               A        
C(0)         1.839877
               A        
H(0)         0.638755
Constrained Atomtypes 
  None
------------
Exchange RMS Error: 5.72815e-04
Exchange Weighted RMS Error: 3.39006e-04
Exchange Weighted Mean Signed Error: 1.29756e-04
Exchange Weighted Least-Squares Error: 8.64610e-05
--------------------------------------------
########################## FF Fitting Summary ###########################
--------------------------------------------
Program Version: 2.0.0
Short-range Functional Form: slater
Combination Rules: aij = geometric
                   bij = geometric_mean
                   cij = geometric
Electrostatic Damping Type: None
Thole         Damping Type: thole_tinker
Thole Param: 0.36
Fitting weight: eff_mu = 0.0 Ha
                eff_kt = 0.01629104 Ha
Weighted RMSE cutoff: 0.0 Ha
Anisotropic Atomtypes: None
------------
Exponents (Optimized):
H(0)       2.219655
C(0)       2.004228
------------
Monomer 1 Multipole File:
input/butane_ISA_L2.mom
Monomer 2 Multipole File:
input/butane_ISA_L2.mom
--------------------------------------------
Exchange Parameters:
    Functional Form = 
	E(exch)_ij = A*(1 + a_yml*Y_ml)*exp(-bij*rij)
    where the a coefficient for each spherical harmonic term Y_ml
    is listed in the parameters below.
Fitted Atomtypes 
               A        
C(0)         1.839877
               A        
H(0)         0.638755
Constrained Atomtypes 
  None
------------
Exchange RMS Error: 5.72815e-04
Exchange Weighted RMS Error: 3.39006e-04
Exchange Weighted Mean Signed Error: 1.29756e-04
Exchange Weighted Least-Squares Error: 8.64610e-05
--------------------------------------------
########################## FF Fitting Summary ###########################
--------------------------------------------
Program Version: 2.0.0
Short-range Functional Form: slater
Combination Rules: aij = geometric
                   bij = geometric_mean
                   cij = geometric
Electrostatic Damping Type: None
Thole         Damping Type: thole_tinker
Thole Param: 0.36
Fitting weight: eff_mu = 0.0 Ha
                eff_kt = 0.01629104 Ha
Weighted RMSE cutoff: 0.0 Ha
Anisotropic Atomtypes: None
------------
Exponents (Optimized):
H(0)       2.219655
C(0)       2.062874
------------
Monomer 1 Multipole File:
input/butane_ISA_L2.mom
Monomer 2 Multipole File:
input/butane_ISA_L2.mom
--------------------------------------------
Exchange Parameters:
    Functional Form = 
	E(exch)_ij = A*(1 + a_yml*Y_ml)*exp(-bij*rij)
    where the a coefficient for each spherical harmonic term Y_ml
    is listed in the parameters below.
Fitted Atomtypes 
               A        
C(0)         2.140413
               A        
H(0)         0.638755
Constrained Atomtypes 
  None
------------
Exchange RMS Error: 5.72815e-04
Exchange Weighted RMS Error: 3.39006e-04
Exchange Weighted Mean Signed Error: 1.29756e-04
Exchange Weighted Least-Squares Error: 8.64610e-05
--------------------------------------------
Electrostatic Parameters:
    Functional Form = 
	E(elst)_ij = f_damp*qi*qj/rij - A*(1 + a_yml*Y_ml)*exp(-bij*rij)
Fitted Atomtypes 
               A        
C(0)         1.351154
               A        
H(0)         0.301759
Constrained Atomtypes 
  None
------------
Electrostatics RMS Error: 1.86640e-04
Electrostatics Weighted RMS Error: 9.71474e-05
Electrostatics Weighted Mean Signed Error: -1.87604e-05
Electrostatics Weighted Least-Squares Error: 2.06037e-05
--------------------------------------------
Drude oscillator energy has been calculated using the following method: multipole-gradient
Induction Parameters:
    Functional Form = 
	E(ind)_ij = shell_charge - A*(1 + a_yml*Y_ml)*exp(-bij*rij)
Fitted Atomtypes 
               A        
C(0)         1.351149
               A        
H(0)         0.301809
Constrained Atomtypes 
  None
------------
Induction RMS Error: 3.42202e-05
Induction Weighted RMS Error: 2.32833e-05
Induction Weighted Mean Signed Error: 1.25814e-05
Induction Weighted Least-Squares Error: 5.87973e-07
--------------------------------------------
DHF Parameters:
    Functional Form = 
	E(dhf)_ij = - A*(1 + a_yml*Y_ml)*exp(-bij*rij)
Fitted Atomtypes 
               A        
C(0)         1.351078
               A        
H(0)         0.301992
Constrained Atomtypes 
  None
------------
Dhf RMS Error: 2.48719e-05
Dhf Weighted RMS Error: 1.54484e-05
Dhf Weighted Mean Signed Error: 9.54268e-06
Dhf Weighted Least-Squares Error: 3.16611e-07
--------------------------------------------
########################## FF Fitting Summary ###########################
--------------------------------------------
Program Version: 2.0.0
Short-range Functional Form: slater
Combination Rules: aij = geometric
                   bij = geometric_mean
                   cij = geometric
Electrostatic Damping Type: None
Thole         Damping Type: thole_tinker
Thole Param: 0.36
Fitting weight: eff_mu = 0.0 Ha
                eff_kt = 0.01629104 Ha
Weighted RMSE cutoff: 0.0 Ha
Anisotropic Atomtypes: None
------------
Exponents (Optimized):
H(0)       2.219655
C(0)       2.062874
------------
Monomer 1 Multipole File:
input/butane_ISA_L2.mom
Monomer 2 Multipole File:
input/butane_ISA_L2.mom
--------------------------------------------
Exchange Parameters:
    Functional Form = 
	E(exch)_ij = A*(1 + a_yml*Y_ml)*exp(-bij*rij)
    where the a coefficient for each spherical harmonic term Y_ml
    is listed in the parameters below.
Fitted Atomtypes 
               A        
C(0)         2.140413
               A        
H(0)         0.638755
Constrained Atomtypes 
  None
------------
Exchange RMS Error: 5.72815e-04
Exchange Weighted RMS Error: 3.39006e-04
Exchange Weighted Mean Signed Error: 1.29756e-04
Exchange Weighted Least-Squares Error: 8.64610e-05
--------------------------------------------
Electrostatic Parameters:
    Functional Form = 
	E(elst)_ij = f_damp*qi*qj/rij - A*(1 + a_yml*Y_ml)*exp(-bij*rij)
Fitted Atomtypes 
               A        
C(0)         1.288540
               A        
H(0)         0.310708
Constrained Atomtypes 
  None
------------
Electrostatics RMS Error: 1.86640e-04
Electrostatics Weighted RMS Error: 9.71474e-05
Electrostatics Weighted Mean Signed Error: -1.87604e-05
Electrostatics Weighted Least-Squares Error: 2.06037e-05
--------------------------------------------
Drude oscillator energy has been calculated using the following method: multipole-gradient
Induction Parameters:
    Functional Form = 
	E(ind)_ij = shell_charge - A*(1 + a_yml*Y_ml)*exp(-bij*rij)
Fitted Atomtypes 
               A        
C(0)         0.008479
               A        
H(0)         0.130181
Constrained Atomtypes 
  None
------------
Induction RMS Error: 3.42187e-05
Induction Weighted RMS Error: 2.32864e-05
Induction Weighted Mean Signed Error: 1.25856e-05
Induction Weighted Least-Squares Error: 5.87916e-07
--------------------------------------------
DHF Parameters:
    Functional Form = 
	E(dhf)_ij = - A*(1 + a_yml*Y_ml)*exp(-bij*rij)
Fitted Atomtypes 
               A        
C(0)         0.079200
               A        
H(0)         0.212066
Constrained Atomtypes 
  None
------------
Dhf RMS Error: 2.48788e-05
Dhf Weighted RMS Error: 1.54479e-05
Dhf Weighted Mean Signed Error: 9.53875e-06
Dhf Weighted Least-Squares Error: 3.16787e-07
--------------------------------------------
########################## FF Fitting Summary ###########################
--------------------------------------------
Program Version: 2.0.0
Short-range Functional Form: slater
Combination Rules: aij = geometric
                   bij = geometric_mean
                   cij = geometric
Electrostatic Damping Type: None
Thole         Damping Type: thole_tinker
Thole Param: 0.36
Fitting weight: eff_mu = 0.0 Ha
                eff_kt = 0.01629104 Ha
Weighted RMSE cutoff: 0.0 Ha
Anisotropic Atomtypes: None
------------
Exponents (Optimized):
H(0)       2.219655
C(0)       2.062874
------------
Monomer 1 Multipole File:
input/butane_ISA_L2.mom
Monomer 2 Multipole File:
input/butane_ISA_L2.mom
--------------------------------------------
Exchange Parameters:
    Functional Form = 
	E(exch)_ij = A*(1 + a_yml*Y_ml)*exp(-bij*rij)
    where the a coefficient for each spherical harmonic term Y_ml
    is listed in the parameters below.
Fitted Atomtypes 
               A        
C(0)         2.140413
               A        
H(0)         0.638755
Constrained Atomtypes 
  None
------------
Exchange RMS Error: 5.72815e-04
Exchange Weighted RMS Error: 3.39006e-04
Exchange Weighted Mean Signed Error: 1.29756e-04
Exchange Weighted Least-Squares Error: 8.64610e-05
--------------------------------------------
Electrostatic Parameters:
    Functional Form = 
	E(elst)_ij = f_damp*qi*qj/rij - A*(1 + a_yml*Y_ml)*exp(-bij*rij)
Fitted Atomtypes 
               A        
C(0)         1.288540
               A        
H(0)         0.310708
Constrained Atomtypes 
  None
------------
Electrostatics RMS Error: 1.86640e-04
Electrostatics Weighted RMS Error: 9.71474e-05
Electrostatics Weighted Mean Signed Error: -1.87604e-05
Electrostatics Weighted Least-Squares Error: 2.06037e-05
--------------------------------------------
Drude oscillator energy has been calculated using the following method: multipole-gradient
Induction Parameters:
    Functional Form = 
	E(ind)_ij = shell_charge - A*(1 + a_yml*Y_ml)*exp(-bij*rij)
Fitted Atomtypes 
               A        
C(0)         0.008603
               A        
H(0)         0.130177
Constrained Atomtypes 
  None
------------
Induction RMS Error: 3.42231e-05
Induction Weighted RMS Error: 2.32908e-05
Induction Weighted Mean Signed Error: 1.25861e-05
Induction Weighted Least-Squares Error: 5.88068e-07
--------------------------------------------
DHF Parameters:
    Functional Form = 
	E(dhf)_ij = - A*(1 + a_yml*Y_ml)*exp(-bij*rij)
Fitted Atomtypes 
               A        
C(0)         0.079112
               A        
H(0)         0.212070
Constrained Atomtypes 
  None
------------
Dhf RMS Error: 2.48720e-05
Dhf Weighted RMS Error: 1.54439e-05
Dhf Weighted Mean Signed Error: 9.53828e-06
Dhf Weighted Least-Squares Error: 3.16615e-07
--------------------------------------------
########################## FF Fitting Summary ###########################
--------------------------------------------
Program Version: 2.0.0
Short-range Functional Form: slater
Combination Rules: aij = geometric
                   bij = geometric_mean
                   cij = geometric
Electrostatic Damping Type: None
Thole         Damping Type: thole_tinker
Thole Param: 0.36
Fitting weight: eff_mu = 0.0 Ha
                eff_kt = 0.01629104 Ha
Weighted RMSE cutoff: 0.0 Ha
Anisotropic Atomtypes: None
------------
Exponents (Optimized):
H(0)       2.219655
C(0)       2.062874
------------
Monomer 1 Multipole File:
input/butane_ISA_L2.mom
Monomer 2 Multipole File:
input/butane_ISA_L2.mom
--------------------------------------------
Exchange Parameters:
    Functional Form = 
	E(exch)_ij = A*(1 + a_yml*Y_ml)*exp(-bij*rij)
    where the a coefficient for each spherical harmonic term Y_ml
    is listed in the parameters below.
Fitted Atomtypes 
               A        
C(0)         2.140413
               A        
H(0)         0.638755
Constrained Atomtypes 
  None
------------
Exchange RMS Error: 5.72815e-04
Exchange Weighted RMS Error: 3.39006e-04
Exchange Weighted Mean Signed Error: 1.29756e-04
Exchange Weighted Least-Squares Error: 8.64610e-05
--------------------------------------------
Electrostatic Parameters:
    Functional Form = 
	E(elst)_ij = f_damp*qi*qj/rij - A*(1 + a_yml*Y_ml)*exp(-bij*rij)
Fitted Atomtypes 
               A        
C(0)         1.288540
               A        
H(0)         0.310708
Constrained Atomtypes 
  None
------------
Electrostatics RMS Error: 1.86640e-04
Electrostatics Weighted RMS Error: 9.71474e-05
Electrostatics Weighted Mean Signed Error: -1.87604e-05
Electrostatics Weighted Least-Squares Error: 2.06037e-05
--------------------------------------------
Drude oscillator energy has been calculated using the following method: multipole-gradient
Induction Parameters:
    Functional Form = 
	E(ind)_ij = shell_charge - A*(1 + a_yml*Y_ml)*exp(-bij*rij)
Fitted Atomtypes 
               A        
C(0)         0.008476
               A        
H(0)         0.130181
Constrained Atomtypes 
  None
------------
Induction RMS Error: 3.42180e-05
Induction Weighted RMS Error: 2.32864e-05
Induction Weighted Mean Signed Error: 1.25855e-05
Induction Weighted Least-Squares Error: 5.87893e-07
--------------------------------------------
DHF Parameters:
    Functional Form = 
	E(dhf)_ij = - A*(1 + a_yml*Y_ml)*exp(-bij*rij)
Fitted Atomtypes 
               A        
C(0)         0.079199
               A        
H(0)         0.212066
Constrained Atomtypes 
  None
------------
Dhf RMS Error: 2.48810e-05
Dhf Weighted RMS Error: 1.54492e-05
Dhf Weighted Mean Signed Error: 9.53937e-06
Dhf Weighted Least-Squares Error: 3.16844e-07
--------------------------------------------
########################## FF Fitting Summary ###########################
--------------------------------------------
Program Version: 2.0.0
Short-range Functional Form: slater
Combination Rules: aij = geometric
                   bij = geometric_mean
                   cij = geometric
Electrostatic Damping Type: None
Thole         Damping Type: thole_tinker
Thole Param: 0.36
Fitting weight: eff_mu = 0.0 Ha
                eff_kt = 0.01629104 Ha
Weighted RMSE cutoff: 0.0 Ha
Anisotropic Atomtypes: None
------------
Exponents (Optimized):
H(0)       2.219655
C(0)       2.062874
------------
Monomer 1 Multipole File:
input/butane_ISA_L2.mom
Monomer 2 Multipole File:
input/butane_ISA_L2.mom
--------------------------------------------
Exchange Parameters:
    Functional Form = 
	E(exch)_ij = A*(1 + a_yml*Y_ml)*exp(-bij*rij)
    where the a coefficient for each spherical harmonic term Y_ml
    is listed in the parameters below.
Fitted Atomtypes 
               A        
C(0)         2.140413
               A        
H(0)         0.638755
Constrained Atomtypes 
  None
------------
Exchange RMS Error: 5.72815e-04
Exchange Weighted RMS Error: 3.39006e-04
Exchange Weighted Mean Signed Error: 1.29756e-04
Exchange Weighted Least-Squares Error: 8.64610e-05
--------------------------------------------
Electrostatic Parameters:
    Functional Form = 
	E(elst)_ij = f_damp*qi*qj/rij - A*(1 + a_yml*Y_ml)*exp(-bij*rij)
Fitted Atomtypes 
               A        
C(0)         1.288540
               A        
H(0)         0.310708
Constrained Atomtypes 
  None
------------
Electrostatics RMS Error: 1.86640e-04
Electrostatics Weighted RMS Error: 9.71474e-05
Electrostatics Weighted Mean Signed Error: -1.87604e-05
Electrostatics Weighted Least-Squares Error: 2.06037e-05
--------------------------------------------
Drude oscillator energy has been calculated using the following method: multipole-gradient
Induction Parameters:
    Functional Form = 
	E(ind)_ij = shell_charge - A*(1 + a_yml*Y_ml)*exp(-bij*rij)
Fitted Atomtypes 
               A        
C(0)         0.008502
               A        
H(0)         0.130184
Constrained Atomtypes 
  None
------------
Induction RMS Error: 3.42181e-05
Induction Weighted RMS Error: 2.32843e-05
Induction Weighted Mean Signed Error: 1.25816e-05
Induction Weighted Least-Squares Error: 5.87901e-07
--------------------------------------------
DHF Parameters:
    Functional Form = 
	E(dhf)_ij = - A*(1 + a_yml*Y_ml)*exp(-bij*rij)
Fitted Atomtypes 
               A        
C(0)         0.079181
               A        
H(0)         0.212064
Constrained Atomtypes 
  None
------------
Dhf RMS Error: 2.48731e-05
Dhf Weighted RMS Error: 1.54486e-05
Dhf Weighted Mean Signed Error: 9.54161e-06
Dhf Weighted Least-Squares Error: 3.16644e-07
--------------------------------------------
########################## FF Fitting Summary ###########################
--------------------------------------------
Program Version: 2.0.0
Short-range Functional Form: slater
Combination Rules: aij = geometric
                   bij = geometric_mean
                   cij = geometric
Electrostatic Damping Type: None
Thole         Damping Type: thole_tinker
Thole Param: 0.36
Fitting weight: eff_mu = 0.0 Ha
                eff_kt = 0.01629104 Ha
Weighted RMSE cutoff: 0.0 Ha
Anisotropic Atomtypes: None
------------
Exponents (Optimized):
H(0)       2.219655
C(0)       2.062874
------------
Monomer 1 Multipole File:
input/butane_ISA_L2.mom
Monomer 2 Multipole File:
input/butane_ISA_L2.mom
--------------------------------------------
Exchange Parameters:
    Functional Form = 
	E(exch)_ij = A*(1 + a_yml*Y_ml)*exp(-bij*rij)
    where the a coefficient for each spherical harmonic term Y_ml
    is listed in the parameters below.
Fitted Atomtypes 
               A        
C(0)         2.140413
               A        
H(0)         0.638755
Constrained Atomtypes 
  None
------------
Exchange RMS Error: 5.72815e-04
Exchange Weighted RMS Error: 3.39006e-04
Exchange Weighted Mean Signed Error: 1.29756e-04
Exchange Weighted Least-Squares Error: 8.64610e-05
--------------------------------------------
Electrostatic Parameters:
    Functional Form = 
	E(elst)_ij = f_damp*qi*qj/rij - A*(1 + a_yml*Y_ml)*exp(-bij*rij)
Fitted Atomtypes 
               A        
C(0)         1.288540
               A        
H(0)         0.310708
Constrained Atomtypes 
  None
------------
Electrostatics RMS Error: 1.86640e-04
Electrostatics Weighted RMS Error: 9.71474e-05
Electrostatics Weighted Mean Signed Error: -1.87604e-05
Electrostatics Weighted Least-Squares Error: 2.06037e-05
--------------------------------------------
Drude oscillator energy has been calculated using the following method: multipole-gradient
Induction Parameters:
    Functional Form = 
	E(ind)_ij = shell_charge - A*(1 + a_yml*Y_ml)*exp(-bij*rij)
Fitted Atomtypes 
               A        
C(0)         0.008481
               A        
H(0)         0.130181
Constrained Atomtypes 
  None
------------
Induction RMS Error: 3.42189e-05
Induction Weighted RMS Error: 2.32861e-05
Induction Weighted Mean Signed Error: 1.25856e-05
Induction Weighted Least-Squares Error: 5.87923e-07
--------------------------------------------
DHF Parameters:
    Functional Form = 
	E(dhf)_ij = - A*(1 + a_yml*Y_ml)*exp(-bij*rij)
Fitted Atomtypes 
               A        
C(0)         0.079182
               A        
H(0)         0.212068
Constrained Atomtypes 
  None
------------
Dhf RMS Error: 2.48785e-05
Dhf Weighted RMS Error: 1.54478e-05
Dhf Weighted Mean Signed Error: 9.53841e-06
Dhf Weighted Least-Squares Error: 3.16778e-07
--------------------------------------------
########################## FF Fitting Summary ###########################
--------------------------------------------
Program Version: 2.0.0
Short-range Functional Form: slater
Combination Rules: aij = geometric
                   bij = geometric_mean
                   cij = geometric
Electrostatic Damping Type: None
Thole         Damping Type: thole_tinker
Thole Param: 0.36
Fitting weight: eff_mu = 0.0 Ha
                eff_kt = 0.01629104 Ha
Weighted RMSE cutoff: 0.0 Ha
Anisotropic Atomtypes: None
------------
Exponents (Optimized):
H(0)       2.219655
C(0)       2.062874
------------
Monomer 1 Multipole File:
input/butane_ISA_L2.mom
Monomer 2 Multipole File:
input/butane_ISA_L2.mom
--------------------------------------------
Exchange Parameters:
    Functional Form = 
	E(exch)_ij = A*(1 + a_yml*Y_ml)*exp(-bij*rij)
    where the a coefficient for each spherical harmonic term Y_ml
    is listed in the parameters below.
Fitted Atomtypes 
               A        
C(0)         2.140413
               A        
H(0)         0.638755
Constrained Atomtypes 
  None
------------
Exchange RMS Error: 5.72815e-04
Exchange Weighted RMS Error: 3.39006e-04
Exchange Weighted Mean Signed Error: 1.29756e-04
Exchange Weighted Least-Squares Error: 8.64610e-05
--------------------------------------------
Electrostatic Parameters:
    Functional Form = 
	E(elst)_ij = f_damp*qi*qj/rij - A*(1 + a_yml*Y_ml)*exp(-bij*rij)
Fitted Atomtypes 
               A        
C(0)         1.288540
               A        
H(0)         0.310708
Constrained Atomtypes 
  None
------------
Electrostatics RMS Error: 1.86640e-04
Electrostatics Weighted RMS Error: 9.71474e-05
Electrostatics Weighted Mean Signed Error: -1.87604e-05
Electrostatics Weighted Least-Squares Error: 2.06037e-05
--------------------------------------------
Drude oscillator energy has been calculated using the following method: multipole-gradient
Induction Parameters:
    Functional Form = 
	E(ind)_ij = shell_charge - A*(1 + a_yml*Y_ml)*exp(-bij*rij)
Fitted Atomtypes 
               A        
C(0)         0.008513
               A        
H(0)         0.130183
Constrained Atomtypes 
  None
------------
Induction RMS Error: 3.42186e-05
Induction Weighted RMS Error: 2.32828e-05
Induction Weighted Mean Signed Error: 1.25815e-05
Induction Weighted Least-Squares Error: 5.87917e-07
--------------------------------------------
DHF Parameters:
    Functional Form = 
	E(dhf)_ij = - A*(1 + a_yml*Y_ml)*exp(-bij*rij)
Fitted Atomtypes 
               A        
C(0)         0.079175
               A        
H(0)         0.212065
Constrained Atomtypes 
  None
------------
Dhf RMS Error: 2.48722e-05
Dhf Weighted RMS Error: 1.54487e-05
Dhf Weighted Mean Signed Error: 9.54245e-06
Dhf Weighted Least-Squares Error: 3.16620e-07
--------------------------------------------
########################## FF Fitting Summary ###########################
--------------------------------------------
Program Version: 2.0.0
Short-range Functional Form: slater
Combination Rules: aij = geometric
                   bij = geometric_mean
                   cij = geometric
Electrostatic Damping Type: None
Thole         Damping Type: thole_tinker
Thole Param: 0.36
Fitting weight: eff_mu = 0.0 Ha
                eff_kt = 0.01629104 Ha
Weighted RMSE cutoff: 0.0 Ha
Anisotropic Atomtypes: None
------------
Exponents (Optimized):
H(0)       2.219655
C(0)       2.062874
------------
Monomer 1 Multipole File:
input/butane_ISA_L2.mom
Monomer 2 Multipole File:
input/butane_ISA_L2.mom
--------------------------------------------
Exchange Parameters:
    Functional Form = 
	E(exch)_ij = A*(1 + a_yml*Y_ml)*exp(-bij*rij)
    where the a coefficient for each spherical harmonic term Y_ml
    is listed in the parameters below.
Fitted Atomtypes 
               A        
C(0)         2.140413
               A        
H(0)         0.638755
Constrained Atomtypes 
  None
------------
Exchange RMS Error: 5.72815e-04
Exchange Weighted RMS Error: 3.39006e-04
Exchange Weighted Mean Signed Error: 1.29756e-04
Exchange Weighted Least-Squares Error: 8.64610e-05
--------------------------------------------
Electrostatic Parameters:
    Functional Form = 
	E(elst)_ij = f_damp*qi*qj/rij - A*(1 + a_yml*Y_ml)*exp(-bij*rij)
Fitted Atomtypes 
               A        
C(0)         1.288540
               A        
H(0)         0.310708
Constrained Atomtypes 
  None
------------
Electrostatics RMS Error: 1.86640e-04
Electrostatics Weighted RMS Error: 9.71474e-05
Electrostatics Weighted Mean Signed Error: -1.87604e-05
Electrostatics Weighted Least-Squares Error: 2.06037e-05
--------------------------------------------
Drude oscillator energy has been calculated using the following method: multipole-gradient
Induction Parameters:
    Functional Form = 
	E(ind)_ij = shell_charge - A*(1 + a_yml*Y_ml)*exp(-bij*rij)
Fitted Atomtypes 
               A        
C(0)         0.008501
               A        
H(0)         0.130184
Constrained Atomtypes 
  None
------------
Induction RMS Error: 3.42211e-05
Induction Weighted RMS Error: 2.32839e-05
Induction Weighted Mean Signed Error: 1.25819e-05
Induction Weighted Least-Squares Error: 5.88005e-07
--------------------------------------------
DHF Parameters:
    Functional Form = 
	E(dhf)_ij = - A*(1 + a_yml*Y_ml)*exp(-bij*rij)
Fitted Atomtypes 
               A        
C(0)         0.079175
               A        
H(0)         0.212065
Constrained Atomtypes 
  None
------------
Dhf RMS Error: 2.48723e-05
Dhf Weighted RMS Error: 1.54482e-05
Dhf Weighted Mean Signed Error: 9.54223e-06
Dhf Weighted Least-Squares Error: 3.16622e-07
--------------------------------------------
########################## FF Fitting Summary ###########################
--------------------------------------------
Program Version: 2.0.0
Short-range Functional Form: slater
Combination Rules: aij = geometric
                   bij = geometric_mean
                   cij = geometric
Electrostatic Damping Type: None
Thole         Damping Type: thole_tinker
Thole Param: 0.36
Fitting weight: eff_mu = 0.0 Ha
                eff_kt = 0.01629104 Ha
Weighted RMSE cutoff: 0.0 Ha
Anisotropic Atomtypes: None
------------
Exponents (Optimized):
H(0)       2.219655
C(0)       2.062874
------------
Monomer 1 Multipole File:
input/butane_ISA_L2.mom
Monomer 2 Multipole File:
input/butane_ISA_L2.mom
--------------------------------------------
Exchange Parameters:
    Functional Form = 
	E(exch)_ij = A*(1 + a_yml*Y_ml)*exp(-bij*rij)
    where the a coefficient for each spherical harmonic term Y_ml
    is listed in the parameters below.
Fitted Atomtypes 
               A        
C(0)         2.140413
               A        
H(0)         0.638755
Constrained Atomtypes 
  None
------------
Exchange RMS Error: 5.72815e-04
Exchange Weighted RMS Error: 3.39006e-04
Exchange Weighted Mean Signed Error: 1.29756e-04
Exchange Weighted Least-Squares Error: 8.64610e-05
--------------------------------------------
Electrostatic Parameters:
    Functional Form = 
	E(elst)_ij = f_damp*qi*qj/rij - A*(1 + a_yml*Y_ml)*exp(-bij*rij)
Fitted Atomtypes 
               A        
C(0)         1.288540
               A        
H(0)         0.310708
Constrained Atomtypes 
  None
------------
Electrostatics RMS Error: 1.86640e-04
Electrostatics Weighted RMS Error: 9.71474e-05
Electrostatics Weighted Mean Signed Error: -1.87604e-05
Electrostatics Weighted Least-Squares Error: 2.06037e-05
--------------------------------------------
Drude oscillator energy has been calculated using the following method: multipole-gradient
Induction Parameters:
    Functional Form = 
	E(ind)_ij = shell_charge - A*(1 + a_yml*Y_ml)*exp(-bij*rij)
Fitted Atomtypes 
               A        
C(0)         0.008482
               A        
H(0)         0.130181
Constrained Atomtypes 
  None
------------
Induction RMS Error: 3.42181e-05
Induction Weighted RMS Error: 2.32860e-05
Induction Weighted Mean Signed Error: 1.25853e-05
Induction Weighted Least-Squares Error: 5.87896e-07
--------------------------------------------
DHF Parameters:
    Functional Form = 
	E(dhf)_ij = - A*(1 + a_yml*Y_ml)*exp(-bij*rij)
Fitted Atomtypes 
               A        
C(0)         0.079185
               A        
H(0)         0.212067
Constrained Atomtypes 
  None
------------
Dhf RMS Error: 2.48789e-05
Dhf Weighted RMS Error: 1.54479e-05
Dhf Weighted Mean Signed Error: 9.53839e-06
Dhf Weighted Least-Squares Error: 3.16789e-07
--------------------------------------------
Dispersion Parameters:
    Functional Form = 
	E(disp)_ij = sum_(n=6,8,10,12){A*fdamp_n*(Cij_n/r_ij^n)}
               C6              C8             C10             C12       
H            1.498389        6.488268       33.240608        0.000000
C            4.847096       18.798288       63.256519      202.859856
Fitted Atomtypes 
               A        
C(0)         1.000000
               A        
H(0)         1.000000
Constrained Atomtypes 
  None
------------
Dispersion RMS Error: 1.63645e-04
Dispersion Weighted RMS Error: 1.28755e-04
Dispersion Weighted Mean Signed Error: -8.45618e-05
Dispersion Weighted Least-Squares Error: 1.56264e-05
--------------------------------------------
########################## FF Fitting Summary ###########################
--------------------------------------------
Program Version: 2.0.0
Short-range Functional Form: slater
Combination Rules: aij = geometric
                   bij = geometric_mean
                   cij = geometric
Electrostatic Damping Type: None
Thole         Damping Type: thole_tinker
Thole Param: 0.36
Fitting weight: eff_mu = 0.0 Ha
                eff_kt = 0.01629104 Ha
Weighted RMSE cutoff: 0.0 Ha
Anisotropic Atomtypes: None
------------
Exponents (Optimized):
H(0)       2.219655
C(0)       2.062874
------------
Monomer 1 Multipole File:
input/butane_ISA_L2.mom
Monomer 2 Multipole File:
input/butane_ISA_L2.mom
--------------------------------------------
Exchange Parameters:
    Functional Form = 
	E(exch)_ij = A*(1 + a_yml*Y_ml)*exp(-bij*rij)
    where the a coefficient for each spherical harmonic term Y_ml
    is listed in the parameters below.
Fitted Atomtypes 
               A        
C(0)         2.140413
               A        
H(0)         0.638755
Constrained Atomtypes 
  None
------------
Exchange RMS Error: 5.72815e-04
Exchange Weighted RMS Error: 3.39006e-04
Exchange Weighted Mean Signed Error: 1.29756e-04
Exchange Weighted Least-Squares Error: 8.64610e-05
--------------------------------------------
Electrostatic Parameters:
    Functional Form = 
	E(elst)_ij = f_damp*qi*qj/rij - A*(1 + a_yml*Y_ml)*exp(-bij*rij)
Fitted Atomtypes 
               A        
C(0)         1.288540
               A        
H(0)         0.310708
Constrained Atomtypes 
  None
------------
Electrostatics RMS Error: 1.86640e-04
Electrostatics Weighted RMS Error: 9.71474e-05
Electrostatics Weighted Mean Signed Error: -1.87604e-05
Electrostatics Weighted Least-Squares Error: 2.06037e-05
--------------------------------------------
Drude oscillator energy has been calculated using the following method: multipole-gradient
Induction Parameters:
    Functional Form = 
	E(ind)_ij = shell_charge - A*(1 + a_yml*Y_ml)*exp(-bij*rij)
Fitted Atomtypes 
               A        
C(0)         0.008477
               A        
H(0)         0.130181
Constrained Atomtypes 
  None
------------
Induction RMS Error: 3.42182e-05
Induction Weighted RMS Error: 2.32859e-05
Induction Weighted Mean Signed Error: 1.25852e-05
Induction Weighted Least-Squares Error: 5.87899e-07
--------------------------------------------
DHF Parameters:
    Functional Form = 
	E(dhf)_ij = - A*(1 + a_yml*Y_ml)*exp(-bij*rij)
Fitted Atomtypes 
               A        
C(0)         0.079196
               A        
H(0)         0.212066
Constrained Atomtypes 
  None
------------
Dhf RMS Error: 2.48790e-05
Dhf Weighted RMS Error: 1.54473e-05
Dhf Weighted Mean Signed Error: 9.53660e-06
Dhf Weighted Least-Squares Error: 3.16792e-07
--------------------------------------------
########################## FF Fitting Summary ###########################
--------------------------------------------
Program Version: 2.0.0
Short-range Functional Form: slater
Combination Rules: aij = geometric
                   bij = geometric_mean
                   cij = geometric
Electrostatic Damping Type: None
Thole         Damping Type: thole_tinker
Thole Param: 0.36
Fitting weight: eff_mu = 0.0 Ha
                eff_kt = 0.01629104 Ha
Weighted RMSE cutoff: 0.0 Ha
Anisotropic Atomtypes: None
------------
Exponents (Optimized):
H(0)       2.219655
C(0)       2.062874
------------
Monomer 1 Multipole File:
input/butane_ISA_L2.mom
Monomer 2 Multipole File:
input/butane_ISA_L2.mom
--------------------------------------------
Exchange Parameters:
    Functional Form = 
	E(exch)_ij = A*(1 + a_yml*Y_ml)*exp(-bij*rij)
    where the a coefficient for each spherical harmonic term Y_ml
    is listed in the parameters below.
Fitted Atomtypes 
               A        
C(0)         2.140413
               A        
H(0)         0.638755
Constrained Atomtypes 
  None
------------
Exchange RMS Error: 5.72815e-04
Exchange Weighted RMS Error: 3.39006e-04
Exchange Weighted Mean Signed Error: 1.29756e-04
Exchange Weighted Least-Squares Error: 8.64610e-05
--------------------------------------------
Electrostatic Parameters:
    Functional Form = 
	E(elst)_ij = f_damp*qi*qj/rij - A*(1 + a_yml*Y_ml)*exp(-bij*rij)
Fitted Atomtypes 
               A        
C(0)         1.288540
               A        
H(0)         0.310708
Constrained Atomtypes 
  None
------------
Electrostatics RMS Error: 1.86640e-04
Electrostatics Weighted RMS Error: 9.71474e-05
Electrostatics Weighted Mean Signed Error: -1.87604e-05
Electrostatics Weighted Least-Squares Error: 2.06037e-05
--------------------------------------------
Drude oscillator energy has been calculated using the following method: multipole-gradient
Induction Parameters:
    Functional Form = 
	E(ind)_ij = shell_charge - A*(1 + a_yml*Y_ml)*exp(-bij*rij)
Fitted Atomtypes 
               A        
C(0)         0.008501
               A        
H(0)         0.130184
Constrained Atomtypes 
  None
------------
Induction RMS Error: 3.42170e-05
Induction Weighted RMS Error: 2.32828e-05
Induction Weighted Mean Signed Error: 1.25811e-05
Induction Weighted Least-Squares Error: 5.87861e-07
--------------------------------------------
DHF Parameters:
    Functional Form = 
	E(dhf)_ij = - A*(1 + a_yml*Y_ml)*exp(-bij*rij)
Fitted Atomtypes 
               A        
C(0)         0.079180
               A        
H(0)         0.212064
Constrained Atomtypes 
  None
------------
Dhf RMS Error: 2.48719e-05
Dhf Weighted RMS Error: 1.54492e-05
Dhf Weighted Mean Signed Error: 9.54335e-06
Dhf Weighted Least-Squares Error: 3.16612e-07
--------------------------------------------
Dispersion Parameters:
    Functional Form = 
	E(disp)_ij = sum_(n=6,8,10,12){A*fdamp_n*(Cij_n/r_ij^n)}
               C6              C8             C10             C12       
H            1.498389        6.488268       33.240608        0.000000
C            4.847096       18.798288       63.256519      202.859856
Fitted Atomtypes 
               A        
C(0)         1.000000
               A        
H(0)         1.000000
Constrained Atomtypes 
  None
------------
Dispersion RMS Error: 1.63645e-04
Dispersion Weighted RMS Error: 1.28755e-04
Dispersion Weighted Mean Signed Error: -8.45618e-05
Dispersion Weighted Least-Squares Error: 1.56264e-05
--------------------------------------------
Total Energy:
------------
Total Energy RMS Error: 4.99019e-03
Total Energy Weighted RMS Error: 2.67480e-03
Total Energy Weighted Mean Signed Error: 1.88798e-03
Total Energy Weighted Least-Squares Error: 1.14776e-02
--------------------------------------------
#########################################################################


########################## FF Fitting Summary ###########################
--------------------------------------------
Program Version: 2.0.0
Short-range Functional Form: slater
Combination Rules: aij = geometric
                   bij = geometric_mean
                   cij = geometric
Electrostatic Damping Type: None
Thole         Damping Type: thole_tinker
Thole Param: 0.36
Fitting weight: eff_mu = 0.0 Ha
                eff_kt = 0.01629104 Ha
Weighted RMSE cutoff: 0.0 Ha
Anisotropic Atomtypes: None
------------
Exponents (Optimized):
H(0)       2.219655
C(0)       2.062874
------------
Monomer 1 Multipole File:
input/butane_ISA_L2.mom
Monomer 2 Multipole File:
input/butane_ISA_L2.mom
--------------------------------------------
Exchange Parameters:
    Functional Form = 
	E(exch)_ij = A*(1 + a_yml*Y_ml)*exp(-bij*rij)
    where the a coefficient for each spherical harmonic term Y_ml
    is listed in the parameters below.
Fitted Atomtypes 
               A        
C(0)         2.140413
               A        
H(0)         0.638755
Constrained Atomtypes 
  None
------------
Exchange RMS Error: 5.72815e-04
Exchange Weighted RMS Error: 3.39006e-04
Exchange Weighted Mean Signed Error: 1.29756e-04
Exchange Weighted Least-Squares Error: 8.64610e-05
--------------------------------------------
Electrostatic Parameters:
    Functional Form = 
	E(elst)_ij = f_damp*qi*qj/rij - A*(1 + a_yml*Y_ml)*exp(-bij*rij)
Fitted Atomtypes 
               A        
C(0)         1.288540
               A        
H(0)         0.310708
Constrained Atomtypes 
  None
------------
Electrostatics RMS Error: 1.86640e-04
Electrostatics Weighted RMS Error: 9.71474e-05
Electrostatics Weighted Mean Signed Error: -1.87604e-05
Electrostatics Weighted Least-Squares Error: 2.06037e-05
--------------------------------------------
Drude oscillator energy has been calculated using the following method: multipole-gradient
Induction Parameters:
    Functional Form = 
	E(ind)_ij = shell_charge - A*(1 + a_yml*Y_ml)*exp(-bij*rij)
Fitted Atomtypes 
               A        
C(0)         0.008499
               A        
H(0)         0.130184
Constrained Atomtypes 
  None
------------
Induction RMS Error: 3.42193e-05
Induction Weighted RMS Error: 2.32844e-05
Induction Weighted Mean Signed Error: 1.25818e-05
Induction Weighted Least-Squares Error: 5.87941e-07
--------------------------------------------
DHF Parameters:
    Functional Form = 
	E(dhf)_ij = - A*(1 + a_yml*Y_ml)*exp(-bij*rij)
Fitted Atomtypes 
               A        
C(0)         0.079174
               A        
H(0)         0.212065
Constrained Atomtypes 
  None
------------
Dhf RMS Error: 2.48750e-05
Dhf Weighted RMS Error: 1.54485e-05
Dhf Weighted Mean Signed Error: 9.54316e-06
Dhf Weighted Least-Squares Error: 3.16691e-07
--------------------------------------------
########################## FF Fitting Summary ###########################
--------------------------------------------
Program Version: 2.0.0
Short-range Functional Form: slater
Combination Rules: aij = geometric
                   bij = geometric_mean
                   cij = geometric
Electrostatic Damping Type: None
Thole         Damping Type: thole_tinker
Thole Param: 0.36
Fitting weight: eff_mu = 0.0 Ha
                eff_kt = 0.01629104 Ha
Weighted RMSE cutoff: 0.0 Ha
Anisotropic Atomtypes: None
------------
Exponents (Optimized):
H(0)       2.219655
C(0)       2.062874
------------
Monomer 1 Multipole File:
input/butane_ISA_L2.mom
Monomer 2 Multipole File:
input/butane_ISA_L2.mom
--------------------------------------------
Exchange Parameters:
    Functional Form = 
	E(exch)_ij = A*(1 + a_yml*Y_ml)*exp(-bij*rij)
    where the a coefficient for each spherical harmonic term Y_ml
    is listed in the parameters below.
Fitted Atomtypes 
               A        
C(0)         2.140413
               A        
H(0)         0.638755
Constrained Atomtypes 
  None
------------
Exchange RMS Error: 5.72815e-04
Exchange Weighted RMS Error: 3.39006e-04
Exchange Weighted Mean Signed Error: 1.29756e-04
Exchange Weighted Least-Squares Error: 8.64610e-05
--------------------------------------------
Electrostatic Parameters:
    Functional Form = 
	E(elst)_ij = f_damp*qi*qj/rij - A*(1 + a_yml*Y_ml)*exp(-bij*rij)
Fitted Atomtypes 
               A        
C(0)         1.288540
               A        
H(0)         0.310708
Constrained Atomtypes 
  None
------------
Electrostatics RMS Error: 1.86640e-04
Electrostatics Weighted RMS Error: 9.71474e-05
Electrostatics Weighted Mean Signed Error: -1.87604e-05
Electrostatics Weighted Least-Squares Error: 2.06037e-05
--------------------------------------------
Drude oscillator energy has been calculated using the following method: multipole-gradient
Induction Parameters:
    Functional Form = 
	E(ind)_ij = shell_charge - A*(1 + a_yml*Y_ml)*exp(-bij*rij)
Fitted Atomtypes 
               A        
C(0)         0.008496
               A        
H(0)         0.130185
Constrained Atomtypes 
  None
------------
Induction RMS Error: 3.42192e-05
Induction Weighted RMS Error: 2.32823e-05
Induction Weighted Mean Signed Error: 1.25820e-05
Induction Weighted Least-Squares Error: 5.87938e-07
--------------------------------------------
DHF Parameters:
    Functional Form = 
	E(dhf)_ij = - A*(1 + a_yml*Y_ml)*exp(-bij*rij)
Fitted Atomtypes 
               A        
C(0)         0.079176
               A        
H(0)         0.212065
Constrained Atomtypes 
  None
------------
Dhf RMS Error: 2.48745e-05
Dhf Weighted RMS Error: 1.54485e-05
Dhf Weighted Mean Signed Error: 9.54262e-06
Dhf Weighted Least-Squares Error: 3.16678e-07
--------------------------------------------
########################## FF Fitting Summary ###########################
--------------------------------------------
Program Version: 2.0.0
Short-range Functional Form: slater
Combination Rules: aij = geometric
                   bij = geometric_mean
                   cij = geometric
Electrostatic Damping Type: None
Thole         Damping Type: thole_tinker
Thole Param: 0.36
Fitting weight: eff_mu = 0.0 Ha
                eff_kt = 0.01629104 Ha
Weighted RMSE cutoff: 0.0 Ha
Anisotropic Atomtypes: None
------------
Exponents (Optimized):
H(0)       2.219655
C(0)       2.062874
------------
Monomer 1 Multipole File:
input/butane_ISA_L2.mom
Monomer 2 Multipole File:
input/butane_ISA_L2.mom
--------------------------------------------
Exchange Parameters:
    Functional Form = 
	E(exch)_ij = A*(1 + a_yml*Y_ml)*exp(-bij*rij)
    where the a coefficient for each spherical harmonic term Y_ml
    is listed in the parameters below.
Fitted Atomtypes 
               A        
C(0)         2.140413
               A        
H(0)         0.638755
Constrained Atomtypes 
  None
------------
Exchange RMS Error: 5.72815e-04
Exchange Weighted RMS Error: 3.39006e-04
Exchange Weighted Mean Signed Error: 1.29756e-04
Exchange Weighted Least-Squares Error: 8.64610e-05
--------------------------------------------
Electrostatic Parameters:
    Functional Form = 
	E(elst)_ij = f_damp*qi*qj/rij - A*(1 + a_yml*Y_ml)*exp(-bij*rij)
Fitted Atomtypes 
               A        
C(0)         1.288540
               A        
H(0)         0.310708
Constrained Atomtypes 
  None
------------
Electrostatics RMS Error: 1.86640e-04
Electrostatics Weighted RMS Error: 9.71474e-05
Electrostatics Weighted Mean Signed Error: -1.87604e-05
Electrostatics Weighted Least-Squares Error: 2.06037e-05
--------------------------------------------
Drude oscillator energy has been calculated using the following method: multipole-gradient
Induction Parameters:
    Functional Form = 
	E(ind)_ij = shell_charge - A*(1 + a_yml*Y_ml)*exp(-bij*rij)
Fitted Atomtypes 
               A        
C(0)         0.008510
               A        
H(0)         0.130184
Constrained Atomtypes 
  None
------------
Induction RMS Error: 3.42214e-05
Induction Weighted RMS Error: 2.32848e-05
Induction Weighted Mean Signed Error: 1.25826e-05
Induction Weighted Least-Squares Error: 5.88016e-07
--------------------------------------------
DHF Parameters:
    Functional Form = 
	E(dhf)_ij = - A*(1 + a_yml*Y_ml)*exp(-bij*rij)
Fitted Atomtypes 
               A        
C(0)         0.079177
               A        
H(0)         0.212064
Constrained Atomtypes 
  None
------------
Dhf RMS Error: 2.48732e-05
Dhf Weighted RMS Error: 1.54495e-05
Dhf Weighted Mean Signed Error: 9.54376e-06
Dhf Weighted Least-Squares Error: 3.16645e-07
--------------------------------------------
Dispersion Parameters:
    Functional Form = 
	E(disp)_ij = sum_(n=6,8,10,12){A*fdamp_n*(Cij_n/r_ij^n)}
               C6              C8             C10             C12       
H            1.498389        6.488268       33.240608        0.000000
C            4.847096       18.798288       63.256519      202.859856
Fitted Atomtypes 
               A        
C(0)         1.000000
               A        
H(0)         1.000000
Constrained Atomtypes 
  None
------------
Dispersion RMS Error: 1.63645e-04
Dispersion Weighted RMS Error: 1.28755e-04
Dispersion Weighted Mean Signed Error: -8.45618e-05
Dispersion Weighted Least-Squares Error: 1.56264e-05
--------------------------------------------
Total Energy:
------------
Total Energy RMS Error: 3.37070e-04
Total Energy Weighted RMS Error: 1.88110e-04
Total Energy Weighted Mean Signed Error: 4.85606e-05
Total Energy Weighted Least-Squares Error: 5.26230e-05
--------------------------------------------
#########################################################################


########################## FF Fitting Summary ###########################
--------------------------------------------
Program Version: 2.0.0
Short-range Functional Form: slater
Combination Rules: aij = geometric
                   bij = geometric_mean
                   cij = geometric
Electrostatic Damping Type: None
Thole         Damping Type: thole_tinker
Thole Param: 0.36
Fitting weight: eff_mu = 0.0 Ha
                eff_kt = 0.01629104 Ha
Weighted RMSE cutoff: 0.0 Ha
Anisotropic Atomtypes: None
------------
Exponents (Optimized):
H(0)       2.219655
C(0)       2.062874
------------
Monomer 1 Multipole File:
input/butane_ISA_L2.mom
Monomer 2 Multipole File:
input/butane_ISA_L2.mom
--------------------------------------------
Exchange Parameters:
    Functional Form = 
	E(exch)_ij = A*(1 + a_yml*Y_ml)*exp(-bij*rij)
    where the a coefficient for each spherical harmonic term Y_ml
    is listed in the parameters below.
Fitted Atomtypes 
               A        
C(0)         2.140413
               A        
H(0)         0.638755
Constrained Atomtypes 
  None
------------
Exchange RMS Error: 5.72815e-04
Exchange Weighted RMS Error: 3.39006e-04
Exchange Weighted Mean Signed Error: 1.29756e-04
Exchange Weighted Least-Squares Error: 8.64610e-05
--------------------------------------------
Electrostatic Parameters:
    Functional Form = 
	E(elst)_ij = f_damp*qi*qj/rij - A*(1 + a_yml*Y_ml)*exp(-bij*rij)
Fitted Atomtypes 
               A        
C(0)         1.288540
               A        
H(0)         0.310708
Constrained Atomtypes 
  None
------------
Electrostatics RMS Error: 1.86640e-04
Electrostatics Weighted RMS Error: 9.71474e-05
Electrostatics Weighted Mean Signed Error: -1.87604e-05
Electrostatics Weighted Least-Squares Error: 2.06037e-05
--------------------------------------------
Drude oscillator energy has been calculated using the following method: multipole-gradient
Induction Parameters:
    Functional Form = 
	E(ind)_ij = shell_charge - A*(1 + a_yml*Y_ml)*exp(-bij*rij)
Fitted Atomtypes 
               A        
C(0)         0.008503
               A        
H(0)         0.130185
Constrained Atomtypes 
  None
------------
Induction RMS Error: 3.42200e-05
Induction Weighted RMS Error: 2.32844e-05
Induction Weighted Mean Signed Error: 1.25828e-05
Induction Weighted Least-Squares Error: 5.87964e-07
--------------------------------------------
DHF Parameters:
    Functional Form = 
	E(dhf)_ij = - A*(1 + a_yml*Y_ml)*exp(-bij*rij)
Fitted Atomtypes 
               A        
C(0)         0.079180
               A        
H(0)         0.212064
Constrained Atomtypes 
  None
------------
Dhf RMS Error: 2.48736e-05
Dhf Weighted RMS Error: 1.54492e-05
Dhf Weighted Mean Signed Error: 9.54289e-06
Dhf Weighted Least-Squares Error: 3.16654e-07
--------------------------------------------
Dispersion Parameters:
    Functional Form = 
	E(disp)_ij = sum_(n=6,8,10,12){A*fdamp_n*(Cij_n/r_ij^n)}
               C6              C8             C10             C12       
H            1.498389        6.488268       33.240608        0.000000
C            4.847096       18.798288       63.256519      202.859856
Fitted Atomtypes 
               A        
C(0)         1.000000
               A        
H(0)         1.000000
Constrained Atomtypes 
  None
------------
Dispersion RMS Error: 1.63645e-04
Dispersion Weighted RMS Error: 1.28755e-04
Dispersion Weighted Mean Signed Error: -8.45618e-05
Dispersion Weighted Least-Squares Error: 1.56264e-05
--------------------------------------------
Total Energy:
------------
Total Energy RMS Error: 3.37075e-04
Total Energy Weighted RMS Error: 1.88109e-04
Total Energy Weighted Mean Signed Error: 4.85599e-05
Total Energy Weighted Least-Squares Error: 5.26243e-05
--------------------------------------------
#########################################################################


