########################## FF Fitting Summary ###########################
--------------------------------------------
Program Version: 2.0.0
Short-range Functional Form: slater
Combination Rules: aij = geometric
                   bij = geometric_mean
                   cij = geometric
Electrostatic Damping Type: None
Thole         Damping Type: thole_tinker
Thole Param: 0.36
Fitting weight: eff_mu = 0.0 Ha
                eff_kt = 0.01055903 Ha
Weighted RMSE cutoff: 0.0 Ha
Anisotropic Atomtypes: None
------------
Exponents (Optimized):
H(0)       2.219655
C(0)       2.062874
------------
Monomer 1 Multipole File:
input/ethane_ISA_L2.mom
Monomer 2 Multipole File:
input/ethane_ISA_L2.mom
--------------------------------------------
Exchange Parameters:
    Functional Form = 
	E(exch)_ij = A*(1 + a_yml*Y_ml)*exp(-bij*rij)
    where the a coefficient for each spherical harmonic term Y_ml
    is listed in the parameters below.
Fitted Atomtypes 
               A        
C(0)         2.140413
               A        
H(0)         0.638755
Constrained Atomtypes 
  None
------------
Exchange RMS Error: 5.36236e-04
Exchange Weighted RMS Error: 2.36570e-04
Exchange Weighted Mean Signed Error: -7.14494e-05
Exchange Weighted Least-Squares Error: 5.17943e-05
--------------------------------------------
Electrostatic Parameters:
    Functional Form = 
	E(elst)_ij = f_damp*qi*qj/rij - A*(1 + a_yml*Y_ml)*exp(-bij*rij)
Fitted Atomtypes 
               A        
C(0)         1.288540
               A        
H(0)         0.310708
Constrained Atomtypes 
  None
------------
Electrostatics RMS Error: 1.85868e-04
Electrostatics Weighted RMS Error: 9.68956e-05
Electrostatics Weighted Mean Signed Error: 5.14195e-05
Electrostatics Weighted Least-Squares Error: 2.12816e-05
--------------------------------------------
Drude oscillator energy has been calculated using the following method: multipole-gradient
Induction Parameters:
    Functional Form = 
	E(ind)_ij = shell_charge - A*(1 + a_yml*Y_ml)*exp(-bij*rij)
Fitted Atomtypes 
               A        
C(0)         0.008499
               A        
H(0)         0.130184
Constrained Atomtypes 
  None
------------
Induction RMS Error: 3.27640e-05
Induction Weighted RMS Error: 1.60889e-05
Induction Weighted Mean Signed Error: 9.87985e-06
Induction Weighted Least-Squares Error: 5.47708e-07
--------------------------------------------
DHF Parameters:
    Functional Form = 
	E(dhf)_ij = - A*(1 + a_yml*Y_ml)*exp(-bij*rij)
Fitted Atomtypes 
               A        
C(0)         0.079174
               A        
H(0)         0.212065
Constrained Atomtypes 
  None
------------
Dhf RMS Error: 2.65657e-05
Dhf Weighted RMS Error: 1.69427e-05
Dhf Weighted Mean Signed Error: 1.37042e-05
Dhf Weighted Least-Squares Error: 3.67485e-07
--------------------------------------------
Dispersion Parameters:
    Functional Form = 
	E(disp)_ij = sum_(n=6,8,10,12){A*fdamp_n*(Cij_n/r_ij^n)}
               C6              C8             C10             C12       
H            1.460432       10.009121       50.825351      157.077299
C            0.180285        4.765656      112.486506      810.194458
Fitted Atomtypes 
               A        
C(0)         1.000000
               A        
H(0)         1.000000
Constrained Atomtypes 
  None
------------
Dispersion RMS Error: 5.09484e-04
Dispersion Weighted RMS Error: 4.12303e-04
Dispersion Weighted Mean Signed Error: -4.00531e-04
Dispersion Weighted Least-Squares Error: 1.60442e-04
--------------------------------------------
########################## FF Fitting Summary ###########################
--------------------------------------------
Program Version: 2.0.0
Short-range Functional Form: slater
Combination Rules: aij = geometric
                   bij = geometric_mean
                   cij = geometric
Electrostatic Damping Type: None
Thole         Damping Type: thole_tinker
Thole Param: 0.36
Fitting weight: eff_mu = 0.0 Ha
                eff_kt = 0.01055903 Ha
Weighted RMSE cutoff: 0.0 Ha
Anisotropic Atomtypes: None
------------
Exponents (Optimized):
H(0)       2.219655
C(0)       2.062874
------------
Monomer 1 Multipole File:
input/ethane_ISA_L2.mom
Monomer 2 Multipole File:
input/ethane_ISA_L2.mom
--------------------------------------------
Exchange Parameters:
    Functional Form = 
	E(exch)_ij = A*(1 + a_yml*Y_ml)*exp(-bij*rij)
    where the a coefficient for each spherical harmonic term Y_ml
    is listed in the parameters below.
Fitted Atomtypes 
               A        
C(0)         2.140413
               A        
H(0)         0.638755
Constrained Atomtypes 
  None
------------
Exchange RMS Error: 5.36236e-04
Exchange Weighted RMS Error: 2.36570e-04
Exchange Weighted Mean Signed Error: -7.14494e-05
Exchange Weighted Least-Squares Error: 5.17943e-05
--------------------------------------------
Electrostatic Parameters:
    Functional Form = 
	E(elst)_ij = f_damp*qi*qj/rij - A*(1 + a_yml*Y_ml)*exp(-bij*rij)
Fitted Atomtypes 
               A        
C(0)         1.288540
               A        
H(0)         0.310708
Constrained Atomtypes 
  None
------------
Electrostatics RMS Error: 1.85868e-04
Electrostatics Weighted RMS Error: 9.68956e-05
Electrostatics Weighted Mean Signed Error: 5.14195e-05
Electrostatics Weighted Least-Squares Error: 2.12816e-05
--------------------------------------------
Drude oscillator energy has been calculated using the following method: multipole-gradient
Induction Parameters:
    Functional Form = 
	E(ind)_ij = shell_charge - A*(1 + a_yml*Y_ml)*exp(-bij*rij)
Fitted Atomtypes 
               A        
C(0)         0.008496
               A        
H(0)         0.130185
Constrained Atomtypes 
  None
------------
Induction RMS Error: 3.27632e-05
Induction Weighted RMS Error: 1.60892e-05
Induction Weighted Mean Signed Error: 9.88019e-06
Induction Weighted Least-Squares Error: 5.47679e-07
--------------------------------------------
DHF Parameters:
    Functional Form = 
	E(dhf)_ij = - A*(1 + a_yml*Y_ml)*exp(-bij*rij)
Fitted Atomtypes 
               A        
C(0)         0.079176
               A        
H(0)         0.212065
Constrained Atomtypes 
  None
------------
Dhf RMS Error: 2.65626e-05
Dhf Weighted RMS Error: 1.69414e-05
Dhf Weighted Mean Signed Error: 1.37029e-05
Dhf Weighted Least-Squares Error: 3.67401e-07
--------------------------------------------
########################## FF Fitting Summary ###########################
--------------------------------------------
Program Version: 2.0.0
Short-range Functional Form: slater
Combination Rules: aij = geometric
                   bij = geometric_mean
                   cij = geometric
Electrostatic Damping Type: None
Thole         Damping Type: thole_tinker
Thole Param: 0.36
Fitting weight: eff_mu = 0.0 Ha
                eff_kt = 0.01055903 Ha
Weighted RMSE cutoff: 0.0 Ha
Anisotropic Atomtypes: None
------------
Exponents (Optimized):
H(0)       2.219655
C(0)       2.062874
------------
Monomer 1 Multipole File:
input/ethane_ISA_L2.mom
Monomer 2 Multipole File:
input/ethane_ISA_L2.mom
--------------------------------------------
Exchange Parameters:
    Functional Form = 
	E(exch)_ij = A*(1 + a_yml*Y_ml)*exp(-bij*rij)
    where the a coefficient for each spherical harmonic term Y_ml
    is listed in the parameters below.
Fitted Atomtypes 
               A        
C(0)         2.140413
               A        
H(0)         0.638755
Constrained Atomtypes 
  None
------------
Exchange RMS Error: 5.36236e-04
Exchange Weighted RMS Error: 2.36570e-04
Exchange Weighted Mean Signed Error: -7.14494e-05
Exchange Weighted Least-Squares Error: 5.17943e-05
--------------------------------------------
Electrostatic Parameters:
    Functional Form = 
	E(elst)_ij = f_damp*qi*qj/rij - A*(1 + a_yml*Y_ml)*exp(-bij*rij)
Fitted Atomtypes 
               A        
C(0)         1.288540
               A        
H(0)         0.310708
Constrained Atomtypes 
  None
------------
Electrostatics RMS Error: 1.85868e-04
Electrostatics Weighted RMS Error: 9.68956e-05
Electrostatics Weighted Mean Signed Error: 5.14195e-05
Electrostatics Weighted Least-Squares Error: 2.12816e-05
--------------------------------------------
Drude oscillator energy has been calculated using the following method: multipole-gradient
Induction Parameters:
    Functional Form = 
	E(ind)_ij = shell_charge - A*(1 + a_yml*Y_ml)*exp(-bij*rij)
Fitted Atomtypes 
               A        
C(0)         0.008510
               A        
H(0)         0.130184
Constrained Atomtypes 
  None
------------
Induction RMS Error: 3.27638e-05
Induction Weighted RMS Error: 1.60894e-05
Induction Weighted Mean Signed Error: 9.88024e-06
Induction Weighted Least-Squares Error: 5.47700e-07
--------------------------------------------
DHF Parameters:
    Functional Form = 
	E(dhf)_ij = - A*(1 + a_yml*Y_ml)*exp(-bij*rij)
Fitted Atomtypes 
               A        
C(0)         0.079177
               A        
H(0)         0.212064
Constrained Atomtypes 
  None
------------
Dhf RMS Error: 2.65635e-05
Dhf Weighted RMS Error: 1.69410e-05
Dhf Weighted Mean Signed Error: 1.37032e-05
Dhf Weighted Least-Squares Error: 3.67426e-07
--------------------------------------------
Dispersion Parameters:
    Functional Form = 
	E(disp)_ij = sum_(n=6,8,10,12){A*fdamp_n*(Cij_n/r_ij^n)}
               C6              C8             C10             C12       
H            1.460432       10.009121       50.825351      157.077299
C            0.180285        4.765656      112.486506      810.194458
Fitted Atomtypes 
               A        
C(0)         1.000000
               A        
H(0)         1.000000
Constrained Atomtypes 
  None
------------
Dispersion RMS Error: 5.09484e-04
Dispersion Weighted RMS Error: 4.12303e-04
Dispersion Weighted Mean Signed Error: -4.00531e-04
Dispersion Weighted Least-Squares Error: 1.60442e-04
--------------------------------------------
Total Energy:
------------
Total Energy RMS Error: 6.69608e-04
Total Energy Weighted RMS Error: 4.42387e-04
Total Energy Weighted Mean Signed Error: -3.96977e-04
Total Energy Weighted Least-Squares Error: 2.06961e-04
--------------------------------------------
#########################################################################


########################## FF Fitting Summary ###########################
--------------------------------------------
Program Version: 2.0.0
Short-range Functional Form: slater
Combination Rules: aij = geometric
                   bij = geometric_mean
                   cij = geometric
Electrostatic Damping Type: None
Thole         Damping Type: thole_tinker
Thole Param: 0.36
Fitting weight: eff_mu = 0.0 Ha
                eff_kt = 0.01055903 Ha
Weighted RMSE cutoff: 0.0 Ha
Anisotropic Atomtypes: None
------------
Exponents (Optimized):
H(0)       2.219655
C(0)       2.062874
------------
Monomer 1 Multipole File:
input/ethane_ISA_L2.mom
Monomer 2 Multipole File:
input/ethane_ISA_L2.mom
--------------------------------------------
Exchange Parameters:
    Functional Form = 
	E(exch)_ij = A*(1 + a_yml*Y_ml)*exp(-bij*rij)
    where the a coefficient for each spherical harmonic term Y_ml
    is listed in the parameters below.
Fitted Atomtypes 
               A        
C(0)         2.140413
               A        
H(0)         0.638755
Constrained Atomtypes 
  None
------------
Exchange RMS Error: 5.36236e-04
Exchange Weighted RMS Error: 2.36570e-04
Exchange Weighted Mean Signed Error: -7.14494e-05
Exchange Weighted Least-Squares Error: 5.17943e-05
--------------------------------------------
Electrostatic Parameters:
    Functional Form = 
	E(elst)_ij = f_damp*qi*qj/rij - A*(1 + a_yml*Y_ml)*exp(-bij*rij)
Fitted Atomtypes 
               A        
C(0)         1.288540
               A        
H(0)         0.310708
Constrained Atomtypes 
  None
------------
Electrostatics RMS Error: 1.85868e-04
Electrostatics Weighted RMS Error: 9.68956e-05
Electrostatics Weighted Mean Signed Error: 5.14195e-05
Electrostatics Weighted Least-Squares Error: 2.12816e-05
--------------------------------------------
Drude oscillator energy has been calculated using the following method: multipole-gradient
Induction Parameters:
    Functional Form = 
	E(ind)_ij = shell_charge - A*(1 + a_yml*Y_ml)*exp(-bij*rij)
Fitted Atomtypes 
               A        
C(0)         0.008503
               A        
H(0)         0.130185
Constrained Atomtypes 
  None
------------
Induction RMS Error: 3.27637e-05
Induction Weighted RMS Error: 1.60890e-05
Induction Weighted Mean Signed Error: 9.87979e-06
Induction Weighted Least-Squares Error: 5.47697e-07
--------------------------------------------
DHF Parameters:
    Functional Form = 
	E(dhf)_ij = - A*(1 + a_yml*Y_ml)*exp(-bij*rij)
Fitted Atomtypes 
               A        
C(0)         0.079180
               A        
H(0)         0.212064
Constrained Atomtypes 
  None
------------
Dhf RMS Error: 2.65613e-05
Dhf Weighted RMS Error: 1.69410e-05
Dhf Weighted Mean Signed Error: 1.37017e-05
Dhf Weighted Least-Squares Error: 3.67364e-07
--------------------------------------------
Dispersion Parameters:
    Functional Form = 
	E(disp)_ij = sum_(n=6,8,10,12){A*fdamp_n*(Cij_n/r_ij^n)}
               C6              C8             C10             C12       
H            1.498389        6.488268       33.240608        0.000000
C            4.847096       18.798288       63.256519      202.859856
Fitted Atomtypes 
               A        
C(0)         1.000000
               A        
H(0)         1.000000
Constrained Atomtypes 
  None
------------
Dispersion RMS Error: 1.29327e-04
Dispersion Weighted RMS Error: 7.44388e-05
Dispersion Weighted Mean Signed Error: -3.24376e-05
Dispersion Weighted Least-Squares Error: 1.05248e-05
--------------------------------------------
Total Energy:
------------
Total Energy RMS Error: 3.48123e-04
Total Energy Weighted RMS Error: 1.18155e-04
Total Energy Weighted Mean Signed Error: -2.88860e-05
Total Energy Weighted Least-Squares Error: 5.22783e-05
--------------------------------------------
#########################################################################


