########################## FF Fitting Summary ###########################
--------------------------------------------
Program Version: 2.0.0
Short-range Functional Form: slater
Combination Rules: aij = geometric
                   bij = geometric_mean
                   cij = geometric
Electrostatic Damping Type: None
Thole         Damping Type: thole_tinker
Thole Param: 0.36
Fitting weight: eff_mu = 0.0 Ha
                eff_kt = 0.01055903 Ha
Weighted RMSE cutoff: 0.0 Ha
Anisotropic Atomtypes: None
------------
Exponents:
H(0)       2.163538
C(0)       2.231131
------------
Monomer 1 Multipole File:
input/ethane_ISA_L2.mom
Monomer 2 Multipole File:
input/ethane_ISA_L2.mom
--------------------------------------------
Exchange Parameters:
    Functional Form = 
	E(exch)_ij = A*(1 + a_yml*Y_ml)*exp(-bij*rij)
    where the a coefficient for each spherical harmonic term Y_ml
    is listed in the parameters below.
Fitted Atomtypes 
               A        
C(0)         2.986112
               A        
H(0)         0.588112
Constrained Atomtypes 
  None
------------
Exchange RMS Error: 5.14439e-04
Exchange Weighted RMS Error: 2.14357e-04
Exchange Weighted Mean Signed Error: -5.50526e-05
Exchange Weighted Least-Squares Error: 4.60406e-05
--------------------------------------------
Electrostatic Parameters:
    Functional Form = 
	E(elst)_ij = f_damp*qi*qj/rij - A*(1 + a_yml*Y_ml)*exp(-bij*rij)
Fitted Atomtypes 
               A        
C(0)         2.149301
               A        
H(0)         0.282057
Constrained Atomtypes 
  None
------------
Electrostatics RMS Error: 1.64830e-04
Electrostatics Weighted RMS Error: 6.98520e-05
Electrostatics Weighted Mean Signed Error: 2.34248e-05
Electrostatics Weighted Least-Squares Error: 1.69998e-05
--------------------------------------------
Drude oscillator energy has been calculated using the following method: multipole-gradient
Induction Parameters:
    Functional Form = 
	E(ind)_ij = shell_charge - A*(1 + a_yml*Y_ml)*exp(-bij*rij)
Fitted Atomtypes 
               A        
C(0)         0.075284
               A        
H(0)         0.113538
Constrained Atomtypes 
  None
------------
Induction RMS Error: 3.44540e-05
Induction Weighted RMS Error: 1.75741e-05
Induction Weighted Mean Signed Error: 1.02149e-05
Induction Weighted Least-Squares Error: 6.04845e-07
--------------------------------------------
DHF Parameters:
    Functional Form = 
	E(dhf)_ij = - A*(1 + a_yml*Y_ml)*exp(-bij*rij)
Fitted Atomtypes 
               A        
C(0)         0.136822
               A        
H(0)         0.193035
Constrained Atomtypes 
  None
------------
Dhf RMS Error: 2.88912e-05
Dhf Weighted RMS Error: 2.08226e-05
Dhf Weighted Mean Signed Error: 1.74932e-05
Dhf Weighted Least-Squares Error: 4.32555e-07
--------------------------------------------
Dispersion Parameters:
    Functional Form = 
	E(disp)_ij = sum_(n=6,8,10,12){A*fdamp_n*(Cij_n/r_ij^n)}
               C6              C8             C10             C12       
H            1.498389        6.488268       33.240608        0.000000
C            4.847096       18.798288       63.256519      202.859856
Fitted Atomtypes 
               A        
C(0)         1.000000
               A        
H(0)         1.000000
Constrained Atomtypes 
  None
------------
Dispersion RMS Error: 1.42669e-04
Dispersion Weighted RMS Error: 8.48057e-05
Dispersion Weighted Mean Signed Error: -4.60828e-05
Dispersion Weighted Least-Squares Error: 1.25914e-05
--------------------------------------------
Total Energy:
------------
Total Energy RMS Error: 3.46528e-04
Total Energy Weighted RMS Error: 1.31092e-04
Total Energy Weighted Mean Signed Error: -5.00025e-05
Total Energy Weighted Least-Squares Error: 5.17639e-05
--------------------------------------------
#########################################################################


